{"/Users/jpdavalos/Documents/pokecollect/server/config/env.js": {"path":"/Users/jpdavalos/Documents/pokecollect/server/config/env.js","statementMap":{"0":{"start":{"line":3,"column":0},"end":{"line":3,"column":16}},"1":{"start":{"line":5,"column":21},"end":{"line":5,"column":51}},"2":{"start":{"line":7,"column":0},"end":{"line":11,"column":1}},"3":{"start":{"line":8,"column":2},"end":{"line":10,"column":3}},"4":{"start":{"line":9,"column":4},"end":{"line":9,"column":70}},"5":{"start":{"line":13,"column":19},"end":{"line":21,"column":1}}},"fnMap":{},"branchMap":{"0":{"loc":{"start":{"line":8,"column":2},"end":{"line":10,"column":3}},"type":"if","locations":[{"start":{"line":8,"column":2},"end":{"line":10,"column":3}},{"start":{},"end":{}}],"line":8},"1":{"loc":{"start":{"line":8,"column":6},"end":{"line":8,"column":53}},"type":"binary-expr","locations":[{"start":{"line":8,"column":6},"end":{"line":8,"column":24}},{"start":{"line":8,"column":28},"end":{"line":8,"column":53}}],"line":8},"2":{"loc":{"start":{"line":14,"column":11},"end":{"line":14,"column":48}},"type":"binary-expr","locations":[{"start":{"line":14,"column":11},"end":{"line":14,"column":31}},{"start":{"line":14,"column":35},"end":{"line":14,"column":48}}],"line":14},"3":{"loc":{"start":{"line":15,"column":15},"end":{"line":15,"column":39}},"type":"binary-expr","locations":[{"start":{"line":15,"column":15},"end":{"line":15,"column":31}},{"start":{"line":15,"column":35},"end":{"line":15,"column":39}}],"line":15},"4":{"loc":{"start":{"line":18,"column":20},"end":{"line":18,"column":85}},"type":"binary-expr","locations":[{"start":{"line":18,"column":20},"end":{"line":18,"column":51}},{"start":{"line":18,"column":55},"end":{"line":18,"column":85}}],"line":18},"5":{"loc":{"start":{"line":19,"column":28},"end":{"line":19,"column":77}},"type":"binary-expr","locations":[{"start":{"line":19,"column":28},"end":{"line":19,"column":60}},{"start":{"line":19,"column":64},"end":{"line":19,"column":77}}],"line":19},"6":{"loc":{"start":{"line":20,"column":27},"end":{"line":20,"column":81}},"type":"binary-expr","locations":[{"start":{"line":20,"column":27},"end":{"line":20,"column":58}},{"start":{"line":20,"column":62},"end":{"line":20,"column":81}}],"line":20}},"s":{"0":3,"1":3,"2":3,"3":6,"4":0,"5":3},"f":{},"b":{"0":[0,6],"1":[6,6],"2":[3,0],"3":[3,0],"4":[3,0],"5":[3,0],"6":[3,3]},"_coverageSchema":"1a1c01bbd47fc00a2c39e90264f33305004495a9","hash":"f2491b87a5155925aa57e84a1bfc89fd063d0f29"}
,"/Users/jpdavalos/Documents/pokecollect/server/db/pool.js": {"path":"/Users/jpdavalos/Documents/pokecollect/server/db/pool.js","statementMap":{"0":{"start":{"line":4,"column":17},"end":{"line":4,"column":19}},"1":{"start":{"line":6,"column":20},"end":{"line":9,"column":2}},"2":{"start":{"line":11,"column":0},"end":{"line":13,"column":3}},"3":{"start":{"line":12,"column":2},"end":{"line":12,"column":55}}},"fnMap":{"0":{"name":"(anonymous_0)","decl":{"start":{"line":11,"column":17},"end":{"line":11,"column":18}},"loc":{"start":{"line":11,"column":26},"end":{"line":13,"column":1}},"line":11}},"branchMap":{"0":{"loc":{"start":{"line":8,"column":7},"end":{"line":8,"column":75}},"type":"cond-expr","locations":[{"start":{"line":8,"column":38},"end":{"line":8,"column":67}},{"start":{"line":8,"column":70},"end":{"line":8,"column":75}}],"line":8}},"s":{"0":1,"1":1,"2":1,"3":0},"f":{"0":0},"b":{"0":[0,1]},"_coverageSchema":"1a1c01bbd47fc00a2c39e90264f33305004495a9","hash":"1e05f0314512be3f392e640b98a53b43122d685d"}
,"/Users/jpdavalos/Documents/pokecollect/server/middleware/auth.js": {"path":"/Users/jpdavalos/Documents/pokecollect/server/middleware/auth.js","statementMap":{"0":{"start":{"line":5,"column":21},"end":{"line":5,"column":52}},"1":{"start":{"line":6,"column":16},"end":{"line":6,"column":52}},"2":{"start":{"line":7,"column":2},"end":{"line":9,"column":3}},"3":{"start":{"line":8,"column":4},"end":{"line":8,"column":67}},"4":{"start":{"line":11,"column":2},"end":{"line":17,"column":3}},"5":{"start":{"line":12,"column":20},"end":{"line":12,"column":55}},"6":{"start":{"line":13,"column":4},"end":{"line":13,"column":61}},"7":{"start":{"line":14,"column":4},"end":{"line":14,"column":18}},"8":{"start":{"line":16,"column":4},"end":{"line":16,"column":71}}},"fnMap":{"0":{"name":"requireAuth","decl":{"start":{"line":4,"column":16},"end":{"line":4,"column":27}},"loc":{"start":{"line":4,"column":44},"end":{"line":18,"column":1}},"line":4}},"branchMap":{"0":{"loc":{"start":{"line":5,"column":21},"end":{"line":5,"column":52}},"type":"binary-expr","locations":[{"start":{"line":5,"column":21},"end":{"line":5,"column":46}},{"start":{"line":5,"column":50},"end":{"line":5,"column":52}}],"line":5},"1":{"loc":{"start":{"line":7,"column":2},"end":{"line":9,"column":3}},"type":"if","locations":[{"start":{"line":7,"column":2},"end":{"line":9,"column":3}},{"start":{},"end":{}}],"line":7}},"s":{"0":3,"1":3,"2":3,"3":1,"4":2,"5":2,"6":1,"7":1,"8":1},"f":{"0":3},"b":{"0":[3,1],"1":[1,2]},"_coverageSchema":"1a1c01bbd47fc00a2c39e90264f33305004495a9","hash":"567d460e16d66d5521dba18d4d6fca8e3490ff15"}
,"/Users/jpdavalos/Documents/pokecollect/server/routes/collection.js": {"path":"/Users/jpdavalos/Documents/pokecollect/server/routes/collection.js","statementMap":{"0":{"start":{"line":12,"column":32},"end":{"line":12,"column":40}},"1":{"start":{"line":14,"column":0},"end":{"line":14,"column":34}},"2":{"start":{"line":16,"column":28},"end":{"line":24,"column":2}},"3":{"start":{"line":27,"column":15},"end":{"line":27,"column":51}},"4":{"start":{"line":28,"column":19},"end":{"line":28,"column":75}},"5":{"start":{"line":29,"column":2},"end":{"line":29,"column":59}},"6":{"start":{"line":33,"column":18},"end":{"line":39,"column":3}},"7":{"start":{"line":41,"column":17},"end":{"line":41,"column":65}},"8":{"start":{"line":42,"column":18},"end":{"line":42,"column":90}},"9":{"start":{"line":43,"column":2},"end":{"line":43,"column":78}},"10":{"start":{"line":47,"column":2},"end":{"line":64,"column":4}},"11":{"start":{"line":68,"column":16},"end":{"line":68,"column":35}},"12":{"start":{"line":69,"column":17},"end":{"line":69,"column":25}},"13":{"start":{"line":71,"column":15},"end":{"line":74,"column":3}},"14":{"start":{"line":72,"column":4},"end":{"line":72,"column":23}},"15":{"start":{"line":73,"column":4},"end":{"line":73,"column":46}},"16":{"start":{"line":76,"column":2},"end":{"line":76,"column":66}},"17":{"start":{"line":76,"column":18},"end":{"line":76,"column":66}},"18":{"start":{"line":77,"column":2},"end":{"line":77,"column":68}},"19":{"start":{"line":77,"column":17},"end":{"line":77,"column":68}},"20":{"start":{"line":78,"column":2},"end":{"line":78,"column":72}},"21":{"start":{"line":78,"column":20},"end":{"line":78,"column":72}},"22":{"start":{"line":79,"column":2},"end":{"line":79,"column":61}},"23":{"start":{"line":79,"column":20},"end":{"line":79,"column":61}},"24":{"start":{"line":81,"column":2},"end":{"line":83,"column":3}},"25":{"start":{"line":82,"column":4},"end":{"line":82,"column":68}},"26":{"start":{"line":85,"column":2},"end":{"line":87,"column":3}},"27":{"start":{"line":86,"column":4},"end":{"line":86,"column":68}},"28":{"start":{"line":89,"column":2},"end":{"line":89,"column":65}},"29":{"start":{"line":89,"column":24},"end":{"line":89,"column":65}},"30":{"start":{"line":90,"column":2},"end":{"line":90,"column":67}},"31":{"start":{"line":90,"column":25},"end":{"line":90,"column":67}},"32":{"start":{"line":92,"column":2},"end":{"line":96,"column":3}},"33":{"start":{"line":93,"column":4},"end":{"line":93,"column":46}},"34":{"start":{"line":94,"column":9},"end":{"line":96,"column":3}},"35":{"start":{"line":95,"column":4},"end":{"line":95,"column":42}},"36":{"start":{"line":98,"column":2},"end":{"line":98,"column":51}},"37":{"start":{"line":102,"column":2},"end":{"line":110,"column":4}},"38":{"start":{"line":106,"column":31},"end":{"line":106,"column":55}},"39":{"start":{"line":107,"column":17},"end":{"line":107,"column":27}},"40":{"start":{"line":114,"column":2},"end":{"line":114,"column":69}},"41":{"start":{"line":114,"column":53},"end":{"line":114,"column":69}},"42":{"start":{"line":115,"column":2},"end":{"line":115,"column":78}},"43":{"start":{"line":115,"column":59},"end":{"line":115,"column":78}},"44":{"start":{"line":116,"column":2},"end":{"line":116,"column":14}},"45":{"start":{"line":120,"column":17},"end":{"line":120,"column":36}},"46":{"start":{"line":121,"column":2},"end":{"line":123,"column":3}},"47":{"start":{"line":122,"column":4},"end":{"line":122,"column":61}},"48":{"start":{"line":125,"column":15},"end":{"line":125,"column":52}},"49":{"start":{"line":126,"column":2},"end":{"line":126,"column":49}},"50":{"start":{"line":126,"column":37},"end":{"line":126,"column":49}},"51":{"start":{"line":128,"column":18},"end":{"line":128,"column":58}},"52":{"start":{"line":129,"column":2},"end":{"line":134,"column":4}},"53":{"start":{"line":138,"column":20},"end":{"line":138,"column":32}},"54":{"start":{"line":139,"column":2},"end":{"line":139,"column":49}},"55":{"start":{"line":139,"column":37},"end":{"line":139,"column":49}},"56":{"start":{"line":140,"column":17},"end":{"line":140,"column":33}},"57":{"start":{"line":141,"column":2},"end":{"line":141,"column":24}},"58":{"start":{"line":145,"column":2},"end":{"line":145,"column":31}},"59":{"start":{"line":145,"column":19},"end":{"line":145,"column":31}},"60":{"start":{"line":147,"column":22},"end":{"line":147,"column":69}},"61":{"start":{"line":148,"column":2},"end":{"line":150,"column":3}},"62":{"start":{"line":149,"column":4},"end":{"line":149,"column":16}},"63":{"start":{"line":152,"column":2},"end":{"line":152,"column":40}},"64":{"start":{"line":156,"column":2},"end":{"line":163,"column":3}},"65":{"start":{"line":157,"column":4},"end":{"line":162,"column":6}},"66":{"start":{"line":165,"column":2},"end":{"line":172,"column":3}},"67":{"start":{"line":166,"column":4},"end":{"line":171,"column":6}},"68":{"start":{"line":174,"column":2},"end":{"line":181,"column":3}},"69":{"start":{"line":175,"column":4},"end":{"line":180,"column":6}},"70":{"start":{"line":183,"column":2},"end":{"line":190,"column":3}},"71":{"start":{"line":184,"column":4},"end":{"line":189,"column":6}},"72":{"start":{"line":192,"column":2},"end":{"line":197,"column":4}},"73":{"start":{"line":201,"column":23},"end":{"line":201,"column":49}},"74":{"start":{"line":202,"column":17},"end":{"line":202,"column":61}},"75":{"start":{"line":204,"column":4},"end":{"line":209,"column":5}},"76":{"start":{"line":211,"column":2},"end":{"line":211,"column":29}},"77":{"start":{"line":211,"column":22},"end":{"line":211,"column":29}},"78":{"start":{"line":213,"column":2},"end":{"line":230,"column":3}},"79":{"start":{"line":214,"column":19},"end":{"line":214,"column":59}},"80":{"start":{"line":215,"column":4},"end":{"line":220,"column":5}},"81":{"start":{"line":216,"column":28},"end":{"line":216,"column":55}},"82":{"start":{"line":217,"column":6},"end":{"line":217,"column":33}},"83":{"start":{"line":218,"column":6},"end":{"line":218,"column":44}},"84":{"start":{"line":219,"column":6},"end":{"line":219,"column":26}},"85":{"start":{"line":221,"column":4},"end":{"line":221,"column":52}},"86":{"start":{"line":223,"column":4},"end":{"line":223,"column":27}},"87":{"start":{"line":223,"column":17},"end":{"line":223,"column":27}},"88":{"start":{"line":225,"column":4},"end":{"line":229,"column":7}},"89":{"start":{"line":234,"column":23},"end":{"line":234,"column":49}},"90":{"start":{"line":236,"column":2},"end":{"line":236,"column":52}},"91":{"start":{"line":238,"column":17},"end":{"line":262,"column":3}},"92":{"start":{"line":264,"column":14},"end":{"line":264,"column":28}},"93":{"start":{"line":265,"column":2},"end":{"line":269,"column":3}},"94":{"start":{"line":266,"column":24},"end":{"line":266,"column":76}},"95":{"start":{"line":267,"column":4},"end":{"line":267,"column":41}},"96":{"start":{"line":268,"column":4},"end":{"line":268,"column":22}},"97":{"start":{"line":271,"column":2},"end":{"line":271,"column":30}},"98":{"start":{"line":275,"column":17},"end":{"line":275,"column":46}},"99":{"start":{"line":276,"column":2},"end":{"line":281,"column":3}},"100":{"start":{"line":277,"column":4},"end":{"line":280,"column":7}},"101":{"start":{"line":283,"column":2},"end":{"line":307,"column":3}},"102":{"start":{"line":284,"column":17},"end":{"line":284,"column":80}},"103":{"start":{"line":285,"column":4},"end":{"line":285,"column":42}},"104":{"start":{"line":287,"column":19},"end":{"line":287,"column":45}},"105":{"start":{"line":288,"column":4},"end":{"line":295,"column":7}},"106":{"start":{"line":297,"column":20},"end":{"line":300,"column":5}},"107":{"start":{"line":302,"column":4},"end":{"line":304,"column":5}},"108":{"start":{"line":303,"column":6},"end":{"line":303,"column":39}},"109":{"start":{"line":306,"column":4},"end":{"line":306,"column":51}},"110":{"start":{"line":310,"column":0},"end":{"line":365,"column":3}},"111":{"start":{"line":311,"column":2},"end":{"line":364,"column":3}},"112":{"start":{"line":312,"column":33},"end":{"line":312,"column":73}},"113":{"start":{"line":313,"column":39},"end":{"line":313,"column":65}},"114":{"start":{"line":314,"column":47},"end":{"line":314,"column":67}},"115":{"start":{"line":316,"column":24},"end":{"line":325,"column":5}},"116":{"start":{"line":327,"column":23},"end":{"line":327,"column":52}},"117":{"start":{"line":328,"column":23},"end":{"line":351,"column":5}},"118":{"start":{"line":353,"column":4},"end":{"line":360,"column":7}},"119":{"start":{"line":362,"column":4},"end":{"line":362,"column":23}},"120":{"start":{"line":363,"column":4},"end":{"line":363,"column":72}},"121":{"start":{"line":367,"column":0},"end":{"line":369,"column":3}},"122":{"start":{"line":368,"column":2},"end":{"line":368,"column":43}},"123":{"start":{"line":371,"column":0},"end":{"line":393,"column":3}},"124":{"start":{"line":372,"column":25},"end":{"line":372,"column":35}},"125":{"start":{"line":374,"column":2},"end":{"line":392,"column":3}},"126":{"start":{"line":375,"column":19},"end":{"line":382,"column":5}},"127":{"start":{"line":384,"column":4},"end":{"line":386,"column":5}},"128":{"start":{"line":385,"column":6},"end":{"line":385,"column":63}},"129":{"start":{"line":388,"column":4},"end":{"line":388,"column":34}},"130":{"start":{"line":390,"column":4},"end":{"line":390,"column":23}},"131":{"start":{"line":391,"column":4},"end":{"line":391,"column":68}}},"fnMap":{"0":{"name":"parsePagination","decl":{"start":{"line":26,"column":9},"end":{"line":26,"column":24}},"loc":{"start":{"line":26,"column":32},"end":{"line":30,"column":1}},"line":26},"1":{"name":"parseSort","decl":{"start":{"line":32,"column":9},"end":{"line":32,"column":18}},"loc":{"start":{"line":32,"column":26},"end":{"line":44,"column":1}},"line":32},"2":{"name":"toCollectionDto","decl":{"start":{"line":46,"column":9},"end":{"line":46,"column":24}},"loc":{"start":{"line":46,"column":30},"end":{"line":65,"column":1}},"line":46},"3":{"name":"buildFilters","decl":{"start":{"line":67,"column":9},"end":{"line":67,"column":21}},"loc":{"start":{"line":67,"column":37},"end":{"line":99,"column":1}},"line":67},"4":{"name":"(anonymous_4)","decl":{"start":{"line":71,"column":15},"end":{"line":71,"column":16}},"loc":{"start":{"line":71,"column":34},"end":{"line":74,"column":3}},"line":71},"5":{"name":"getAddCollectionDeps","decl":{"start":{"line":101,"column":9},"end":{"line":101,"column":29}},"loc":{"start":{"line":101,"column":46},"end":{"line":111,"column":1}},"line":101},"6":{"name":"(anonymous_6)","decl":{"start":{"line":106,"column":13},"end":{"line":106,"column":14}},"loc":{"start":{"line":106,"column":31},"end":{"line":106,"column":55}},"line":106},"7":{"name":"(anonymous_7)","decl":{"start":{"line":107,"column":11},"end":{"line":107,"column":12}},"loc":{"start":{"line":107,"column":17},"end":{"line":107,"column":27}},"line":107},"8":{"name":"extractErrorDetails","decl":{"start":{"line":113,"column":9},"end":{"line":113,"column":28}},"loc":{"start":{"line":113,"column":34},"end":{"line":117,"column":1}},"line":113},"9":{"name":"isProviderUnavailableError","decl":{"start":{"line":119,"column":9},"end":{"line":119,"column":35}},"loc":{"start":{"line":119,"column":41},"end":{"line":135,"column":1}},"line":119},"10":{"name":"parseCardIdFromBody","decl":{"start":{"line":137,"column":16},"end":{"line":137,"column":35}},"loc":{"start":{"line":137,"column":42},"end":{"line":142,"column":1}},"line":137},"11":{"name":"isCardCacheRecordStale","decl":{"start":{"line":144,"column":16},"end":{"line":144,"column":38}},"loc":{"start":{"line":144,"column":103},"end":{"line":153,"column":1}},"line":144},"12":{"name":"mapAddCollectionError","decl":{"start":{"line":155,"column":16},"end":{"line":155,"column":37}},"loc":{"start":{"line":155,"column":43},"end":{"line":198,"column":1}},"line":155},"13":{"name":"ensureCardCacheForAdd","decl":{"start":{"line":200,"column":22},"end":{"line":200,"column":43}},"loc":{"start":{"line":200,"column":63},"end":{"line":231,"column":1}},"line":200},"14":{"name":"addCardToCollectionForUser","decl":{"start":{"line":233,"column":22},"end":{"line":233,"column":48}},"loc":{"start":{"line":233,"column":76},"end":{"line":272,"column":1}},"line":233},"15":{"name":"handleAddCollectionCard","decl":{"start":{"line":274,"column":22},"end":{"line":274,"column":45}},"loc":{"start":{"line":274,"column":67},"end":{"line":308,"column":1}},"line":274},"16":{"name":"(anonymous_16)","decl":{"start":{"line":310,"column":26},"end":{"line":310,"column":27}},"loc":{"start":{"line":310,"column":46},"end":{"line":365,"column":1}},"line":310},"17":{"name":"(anonymous_17)","decl":{"start":{"line":367,"column":27},"end":{"line":367,"column":28}},"loc":{"start":{"line":367,"column":47},"end":{"line":369,"column":1}},"line":367},"18":{"name":"(anonymous_18)","decl":{"start":{"line":371,"column":40},"end":{"line":371,"column":41}},"loc":{"start":{"line":371,"column":60},"end":{"line":393,"column":1}},"line":371}},"branchMap":{"0":{"loc":{"start":{"line":27,"column":34},"end":{"line":27,"column":49}},"type":"binary-expr","locations":[{"start":{"line":27,"column":34},"end":{"line":27,"column":44}},{"start":{"line":27,"column":48},"end":{"line":27,"column":49}}],"line":27},"1":{"loc":{"start":{"line":28,"column":52},"end":{"line":28,"column":72}},"type":"binary-expr","locations":[{"start":{"line":28,"column":52},"end":{"line":28,"column":66}},{"start":{"line":28,"column":70},"end":{"line":28,"column":72}}],"line":28},"2":{"loc":{"start":{"line":41,"column":17},"end":{"line":41,"column":65}},"type":"cond-expr","locations":[{"start":{"line":41,"column":41},"end":{"line":41,"column":53}},{"start":{"line":41,"column":56},"end":{"line":41,"column":65}}],"line":41},"3":{"loc":{"start":{"line":42,"column":18},"end":{"line":42,"column":90}},"type":"cond-expr","locations":[{"start":{"line":42,"column":76},"end":{"line":42,"column":81}},{"start":{"line":42,"column":84},"end":{"line":42,"column":90}}],"line":42},"4":{"loc":{"start":{"line":42,"column":25},"end":{"line":42,"column":48}},"type":"binary-expr","locations":[{"start":{"line":42,"column":25},"end":{"line":42,"column":38}},{"start":{"line":42,"column":42},"end":{"line":42,"column":48}}],"line":42},"5":{"loc":{"start":{"line":54,"column":14},"end":{"line":54,"column":60}},"type":"binary-expr","locations":[{"start":{"line":54,"column":14},"end":{"line":54,"column":33}},{"start":{"line":54,"column":37},"end":{"line":54,"column":60}}],"line":54},"6":{"loc":{"start":{"line":55,"column":17},"end":{"line":55,"column":76}},"type":"cond-expr","locations":[{"start":{"line":55,"column":45},"end":{"line":55,"column":49}},{"start":{"line":55,"column":52},"end":{"line":55,"column":76}}],"line":55},"7":{"loc":{"start":{"line":58,"column":6},"end":{"line":63,"column":11}},"type":"cond-expr","locations":[{"start":{"line":59,"column":10},"end":{"line":59,"column":14}},{"start":{"line":60,"column":10},"end":{"line":63,"column":11}}],"line":58},"8":{"loc":{"start":{"line":76,"column":2},"end":{"line":76,"column":66}},"type":"if","locations":[{"start":{"line":76,"column":2},"end":{"line":76,"column":66}},{"start":{},"end":{}}],"line":76},"9":{"loc":{"start":{"line":77,"column":2},"end":{"line":77,"column":68}},"type":"if","locations":[{"start":{"line":77,"column":2},"end":{"line":77,"column":68}},{"start":{},"end":{}}],"line":77},"10":{"loc":{"start":{"line":78,"column":2},"end":{"line":78,"column":72}},"type":"if","locations":[{"start":{"line":78,"column":2},"end":{"line":78,"column":72}},{"start":{},"end":{}}],"line":78},"11":{"loc":{"start":{"line":79,"column":2},"end":{"line":79,"column":61}},"type":"if","locations":[{"start":{"line":79,"column":2},"end":{"line":79,"column":61}},{"start":{},"end":{}}],"line":79},"12":{"loc":{"start":{"line":81,"column":2},"end":{"line":83,"column":3}},"type":"if","locations":[{"start":{"line":81,"column":2},"end":{"line":83,"column":3}},{"start":{},"end":{}}],"line":81},"13":{"loc":{"start":{"line":81,"column":6},"end":{"line":81,"column":59}},"type":"binary-expr","locations":[{"start":{"line":81,"column":6},"end":{"line":81,"column":34}},{"start":{"line":81,"column":38},"end":{"line":81,"column":59}}],"line":81},"14":{"loc":{"start":{"line":85,"column":2},"end":{"line":87,"column":3}},"type":"if","locations":[{"start":{"line":85,"column":2},"end":{"line":87,"column":3}},{"start":{},"end":{}}],"line":85},"15":{"loc":{"start":{"line":85,"column":6},"end":{"line":85,"column":59}},"type":"binary-expr","locations":[{"start":{"line":85,"column":6},"end":{"line":85,"column":34}},{"start":{"line":85,"column":38},"end":{"line":85,"column":59}}],"line":85},"16":{"loc":{"start":{"line":89,"column":2},"end":{"line":89,"column":65}},"type":"if","locations":[{"start":{"line":89,"column":2},"end":{"line":89,"column":65}},{"start":{},"end":{}}],"line":89},"17":{"loc":{"start":{"line":90,"column":2},"end":{"line":90,"column":67}},"type":"if","locations":[{"start":{"line":90,"column":2},"end":{"line":90,"column":67}},{"start":{},"end":{}}],"line":90},"18":{"loc":{"start":{"line":92,"column":2},"end":{"line":96,"column":3}},"type":"if","locations":[{"start":{"line":92,"column":2},"end":{"line":96,"column":3}},{"start":{"line":94,"column":9},"end":{"line":96,"column":3}}],"line":92},"19":{"loc":{"start":{"line":94,"column":9},"end":{"line":96,"column":3}},"type":"if","locations":[{"start":{"line":94,"column":9},"end":{"line":96,"column":3}},{"start":{},"end":{}}],"line":94},"20":{"loc":{"start":{"line":101,"column":30},"end":{"line":101,"column":44}},"type":"default-arg","locations":[{"start":{"line":101,"column":42},"end":{"line":101,"column":44}}],"line":101},"21":{"loc":{"start":{"line":114,"column":2},"end":{"line":114,"column":69}},"type":"if","locations":[{"start":{"line":114,"column":2},"end":{"line":114,"column":69}},{"start":{},"end":{}}],"line":114},"22":{"loc":{"start":{"line":114,"column":6},"end":{"line":114,"column":51}},"type":"binary-expr","locations":[{"start":{"line":114,"column":6},"end":{"line":114,"column":29}},{"start":{"line":114,"column":33},"end":{"line":114,"column":51}}],"line":114},"23":{"loc":{"start":{"line":115,"column":2},"end":{"line":115,"column":78}},"type":"if","locations":[{"start":{"line":115,"column":2},"end":{"line":115,"column":78}},{"start":{},"end":{}}],"line":115},"24":{"loc":{"start":{"line":115,"column":6},"end":{"line":115,"column":57}},"type":"binary-expr","locations":[{"start":{"line":115,"column":6},"end":{"line":115,"column":32}},{"start":{"line":115,"column":36},"end":{"line":115,"column":57}}],"line":115},"25":{"loc":{"start":{"line":121,"column":2},"end":{"line":123,"column":3}},"type":"if","locations":[{"start":{"line":121,"column":2},"end":{"line":123,"column":3}},{"start":{},"end":{}}],"line":121},"26":{"loc":{"start":{"line":122,"column":11},"end":{"line":122,"column":60}},"type":"binary-expr","locations":[{"start":{"line":122,"column":11},"end":{"line":122,"column":25}},{"start":{"line":122,"column":29},"end":{"line":122,"column":43}},{"start":{"line":122,"column":47},"end":{"line":122,"column":60}}],"line":122},"27":{"loc":{"start":{"line":125,"column":22},"end":{"line":125,"column":37}},"type":"binary-expr","locations":[{"start":{"line":125,"column":22},"end":{"line":125,"column":31}},{"start":{"line":125,"column":35},"end":{"line":125,"column":37}}],"line":125},"28":{"loc":{"start":{"line":126,"column":2},"end":{"line":126,"column":49}},"type":"if","locations":[{"start":{"line":126,"column":2},"end":{"line":126,"column":49}},{"start":{},"end":{}}],"line":126},"29":{"loc":{"start":{"line":128,"column":25},"end":{"line":128,"column":43}},"type":"binary-expr","locations":[{"start":{"line":128,"column":25},"end":{"line":128,"column":37}},{"start":{"line":128,"column":41},"end":{"line":128,"column":43}}],"line":128},"30":{"loc":{"start":{"line":130,"column":4},"end":{"line":133,"column":33}},"type":"binary-expr","locations":[{"start":{"line":130,"column":4},"end":{"line":130,"column":36}},{"start":{"line":131,"column":4},"end":{"line":131,"column":31}},{"start":{"line":132,"column":4},"end":{"line":132,"column":31}},{"start":{"line":133,"column":4},"end":{"line":133,"column":33}}],"line":130},"31":{"loc":{"start":{"line":139,"column":2},"end":{"line":139,"column":49}},"type":"if","locations":[{"start":{"line":139,"column":2},"end":{"line":139,"column":49}},{"start":{},"end":{}}],"line":139},"32":{"loc":{"start":{"line":141,"column":9},"end":{"line":141,"column":23}},"type":"binary-expr","locations":[{"start":{"line":141,"column":9},"end":{"line":141,"column":15}},{"start":{"line":141,"column":19},"end":{"line":141,"column":23}}],"line":141},"33":{"loc":{"start":{"line":144,"column":51},"end":{"line":144,"column":69}},"type":"default-arg","locations":[{"start":{"line":144,"column":59},"end":{"line":144,"column":69}}],"line":144},"34":{"loc":{"start":{"line":144,"column":71},"end":{"line":144,"column":101}},"type":"default-arg","locations":[{"start":{"line":144,"column":81},"end":{"line":144,"column":101}}],"line":144},"35":{"loc":{"start":{"line":145,"column":2},"end":{"line":145,"column":31}},"type":"if","locations":[{"start":{"line":145,"column":2},"end":{"line":145,"column":31}},{"start":{},"end":{}}],"line":145},"36":{"loc":{"start":{"line":147,"column":31},"end":{"line":147,"column":58}},"type":"binary-expr","locations":[{"start":{"line":147,"column":31},"end":{"line":147,"column":52}},{"start":{"line":147,"column":56},"end":{"line":147,"column":58}}],"line":147},"37":{"loc":{"start":{"line":148,"column":2},"end":{"line":150,"column":3}},"type":"if","locations":[{"start":{"line":148,"column":2},"end":{"line":150,"column":3}},{"start":{},"end":{}}],"line":148},"38":{"loc":{"start":{"line":148,"column":6},"end":{"line":148,"column":55}},"type":"binary-expr","locations":[{"start":{"line":148,"column":6},"end":{"line":148,"column":35}},{"start":{"line":148,"column":39},"end":{"line":148,"column":55}}],"line":148},"39":{"loc":{"start":{"line":156,"column":2},"end":{"line":163,"column":3}},"type":"if","locations":[{"start":{"line":156,"column":2},"end":{"line":163,"column":3}},{"start":{},"end":{}}],"line":156},"40":{"loc":{"start":{"line":165,"column":2},"end":{"line":172,"column":3}},"type":"if","locations":[{"start":{"line":165,"column":2},"end":{"line":172,"column":3}},{"start":{},"end":{}}],"line":165},"41":{"loc":{"start":{"line":165,"column":6},"end":{"line":165,"column":67}},"type":"binary-expr","locations":[{"start":{"line":165,"column":6},"end":{"line":165,"column":36}},{"start":{"line":165,"column":40},"end":{"line":165,"column":67}}],"line":165},"42":{"loc":{"start":{"line":174,"column":2},"end":{"line":181,"column":3}},"type":"if","locations":[{"start":{"line":174,"column":2},"end":{"line":181,"column":3}},{"start":{},"end":{}}],"line":174},"43":{"loc":{"start":{"line":183,"column":2},"end":{"line":190,"column":3}},"type":"if","locations":[{"start":{"line":183,"column":2},"end":{"line":190,"column":3}},{"start":{},"end":{}}],"line":183},"44":{"loc":{"start":{"line":200,"column":52},"end":{"line":200,"column":61}},"type":"default-arg","locations":[{"start":{"line":200,"column":59},"end":{"line":200,"column":61}}],"line":200},"45":{"loc":{"start":{"line":204,"column":4},"end":{"line":209,"column":5}},"type":"binary-expr","locations":[{"start":{"line":204,"column":4},"end":{"line":204,"column":11}},{"start":{"line":205,"column":4},"end":{"line":209,"column":5}}],"line":204},"46":{"loc":{"start":{"line":211,"column":2},"end":{"line":211,"column":29}},"type":"if","locations":[{"start":{"line":211,"column":2},"end":{"line":211,"column":29}},{"start":{},"end":{}}],"line":211},"47":{"loc":{"start":{"line":215,"column":4},"end":{"line":220,"column":5}},"type":"if","locations":[{"start":{"line":215,"column":4},"end":{"line":220,"column":5}},{"start":{},"end":{}}],"line":215},"48":{"loc":{"start":{"line":223,"column":4},"end":{"line":223,"column":27}},"type":"if","locations":[{"start":{"line":223,"column":4},"end":{"line":223,"column":27}},{"start":{},"end":{}}],"line":223},"49":{"loc":{"start":{"line":227,"column":14},"end":{"line":227,"column":33}},"type":"binary-expr","locations":[{"start":{"line":227,"column":14},"end":{"line":227,"column":25}},{"start":{"line":227,"column":29},"end":{"line":227,"column":33}}],"line":227},"50":{"loc":{"start":{"line":228,"column":15},"end":{"line":228,"column":56}},"type":"binary-expr","locations":[{"start":{"line":228,"column":15},"end":{"line":228,"column":27}},{"start":{"line":228,"column":31},"end":{"line":228,"column":56}}],"line":228},"51":{"loc":{"start":{"line":233,"column":65},"end":{"line":233,"column":74}},"type":"default-arg","locations":[{"start":{"line":233,"column":72},"end":{"line":233,"column":74}}],"line":233},"52":{"loc":{"start":{"line":265,"column":2},"end":{"line":269,"column":3}},"type":"if","locations":[{"start":{"line":265,"column":2},"end":{"line":269,"column":3}},{"start":{},"end":{}}],"line":265},"53":{"loc":{"start":{"line":274,"column":56},"end":{"line":274,"column":65}},"type":"default-arg","locations":[{"start":{"line":274,"column":63},"end":{"line":274,"column":65}}],"line":274},"54":{"loc":{"start":{"line":276,"column":2},"end":{"line":281,"column":3}},"type":"if","locations":[{"start":{"line":276,"column":2},"end":{"line":281,"column":3}},{"start":{},"end":{}}],"line":276},"55":{"loc":{"start":{"line":291,"column":14},"end":{"line":291,"column":38}},"type":"binary-expr","locations":[{"start":{"line":291,"column":14},"end":{"line":291,"column":30}},{"start":{"line":291,"column":34},"end":{"line":291,"column":38}}],"line":291},"56":{"loc":{"start":{"line":293,"column":22},"end":{"line":293,"column":41}},"type":"binary-expr","locations":[{"start":{"line":293,"column":22},"end":{"line":293,"column":33}},{"start":{"line":293,"column":37},"end":{"line":293,"column":41}}],"line":293},"57":{"loc":{"start":{"line":294,"column":15},"end":{"line":294,"column":57}},"type":"binary-expr","locations":[{"start":{"line":294,"column":15},"end":{"line":294,"column":27}},{"start":{"line":294,"column":31},"end":{"line":294,"column":57}}],"line":294},"58":{"loc":{"start":{"line":302,"column":4},"end":{"line":304,"column":5}},"type":"if","locations":[{"start":{"line":302,"column":4},"end":{"line":304,"column":5}},{"start":{},"end":{}}],"line":302},"59":{"loc":{"start":{"line":302,"column":8},"end":{"line":302,"column":63}},"type":"binary-expr","locations":[{"start":{"line":302,"column":8},"end":{"line":302,"column":31}},{"start":{"line":302,"column":35},"end":{"line":302,"column":63}}],"line":302},"60":{"loc":{"start":{"line":384,"column":4},"end":{"line":386,"column":5}},"type":"if","locations":[{"start":{"line":384,"column":4},"end":{"line":386,"column":5}},{"start":{},"end":{}}],"line":384}},"s":{"0":1,"1":1,"2":1,"3":0,"4":0,"5":0,"6":0,"7":0,"8":0,"9":0,"10":3,"11":0,"12":0,"13":0,"14":0,"15":0,"16":0,"17":0,"18":0,"19":0,"20":0,"21":0,"22":0,"23":0,"24":0,"25":0,"26":0,"27":0,"28":0,"29":0,"30":0,"31":0,"32":0,"33":0,"34":0,"35":0,"36":0,"37":12,"38":0,"39":0,"40":3,"41":1,"42":2,"43":0,"44":2,"45":2,"46":2,"47":1,"48":1,"49":1,"50":1,"51":0,"52":0,"53":10,"54":10,"55":4,"56":6,"57":6,"58":6,"59":1,"60":5,"61":5,"62":0,"63":5,"64":3,"65":0,"66":3,"67":1,"68":2,"69":1,"70":1,"71":1,"72":0,"73":6,"74":6,"75":6,"76":6,"77":1,"78":5,"79":5,"80":2,"81":1,"82":1,"83":1,"84":1,"85":1,"86":4,"87":3,"88":1,"89":6,"90":6,"91":3,"92":3,"93":3,"94":0,"95":0,"96":0,"97":3,"98":5,"99":5,"100":1,"101":4,"102":4,"103":1,"104":3,"105":3,"106":3,"107":3,"108":1,"109":3,"110":1,"111":0,"112":0,"113":0,"114":0,"115":0,"116":0,"117":0,"118":0,"119":0,"120":0,"121":1,"122":0,"123":1,"124":0,"125":0,"126":0,"127":0,"128":0,"129":0,"130":0,"131":0},"f":{"0":0,"1":0,"2":3,"3":0,"4":0,"5":12,"6":0,"7":0,"8":3,"9":2,"10":10,"11":6,"12":3,"13":6,"14":6,"15":5,"16":0,"17":0,"18":0},"b":{"0":[0,0],"1":[0,0],"2":[0,0],"3":[0,0],"4":[0,0],"5":[3,0],"6":[0,3],"7":[3,0],"8":[0,0],"9":[0,0],"10":[0,0],"11":[0,0],"12":[0,0],"13":[0,0],"14":[0,0],"15":[0,0],"16":[0,0],"17":[0,0],"18":[0,0],"19":[0,0],"20":[0],"21":[1,2],"22":[3,1],"23":[0,2],"24":[2,0],"25":[1,1],"26":[1,1,1],"27":[1,0],"28":[1,0],"29":[0,0],"30":[0,0,0,0],"31":[4,6],"32":[6,1],"33":[0],"34":[0],"35":[1,5],"36":[5,0],"37":[0,5],"38":[5,5],"39":[0,3],"40":[1,2],"41":[3,2],"42":[1,1],"43":[1,0],"44":[0],"45":[6,3],"46":[1,5],"47":[1,1],"48":[3,1],"49":[1,1],"50":[1,0],"51":[0],"52":[0,3],"53":[1],"54":[1,4],"55":[3,0],"56":[3,1],"57":[3,0],"58":[1,2],"59":[3,1],"60":[0,0]},"_coverageSchema":"1a1c01bbd47fc00a2c39e90264f33305004495a9","hash":"6aa9f3c39180bc7191a0407a595753f6761667de"}
,"/Users/jpdavalos/Documents/pokecollect/server/services/cardCache.js": {"path":"/Users/jpdavalos/Documents/pokecollect/server/services/cardCache.js","statementMap":{"0":{"start":{"line":3,"column":39},"end":{"line":3,"column":68}},"1":{"start":{"line":6,"column":2},"end":{"line":6,"column":59}},"2":{"start":{"line":6,"column":45},"end":{"line":6,"column":59}},"3":{"start":{"line":7,"column":2},"end":{"line":10,"column":3}},"4":{"start":{"line":8,"column":4},"end":{"line":8,"column":23}},"5":{"start":{"line":9,"column":4},"end":{"line":9,"column":18}},"6":{"start":{"line":11,"column":2},"end":{"line":14,"column":3}},"7":{"start":{"line":12,"column":4},"end":{"line":12,"column":64}},"8":{"start":{"line":12,"column":28},"end":{"line":12,"column":62}},"9":{"start":{"line":13,"column":4},"end":{"line":13,"column":18}},"10":{"start":{"line":15,"column":2},"end":{"line":17,"column":3}},"11":{"start":{"line":16,"column":4},"end":{"line":16,"column":79}},"12":{"start":{"line":16,"column":43},"end":{"line":16,"column":77}},"13":{"start":{"line":18,"column":2},"end":{"line":18,"column":16}},"14":{"start":{"line":22,"column":27},"end":{"line":22,"column":50}},"15":{"start":{"line":23,"column":2},"end":{"line":30,"column":3}},"16":{"start":{"line":24,"column":19},"end":{"line":26,"column":48}},"17":{"start":{"line":25,"column":22},"end":{"line":25,"column":35}},"18":{"start":{"line":26,"column":25},"end":{"line":26,"column":47}},"19":{"start":{"line":27,"column":4},"end":{"line":29,"column":5}},"20":{"start":{"line":28,"column":6},"end":{"line":28,"column":33}},"21":{"start":{"line":32,"column":24},"end":{"line":32,"column":37}},"22":{"start":{"line":33,"column":2},"end":{"line":40,"column":3}},"23":{"start":{"line":34,"column":19},"end":{"line":36,"column":5}},"24":{"start":{"line":35,"column":17},"end":{"line":35,"column":52}},"25":{"start":{"line":37,"column":4},"end":{"line":39,"column":5}},"26":{"start":{"line":38,"column":6},"end":{"line":38,"column":33}},"27":{"start":{"line":42,"column":2},"end":{"line":42,"column":14}},"28":{"start":{"line":47,"column":4},"end":{"line":51,"column":27}},"29":{"start":{"line":53,"column":2},"end":{"line":61,"column":4}},"30":{"start":{"line":65,"column":17},"end":{"line":65,"column":37}},"31":{"start":{"line":66,"column":2},"end":{"line":97,"column":4}},"32":{"start":{"line":101,"column":17},"end":{"line":108,"column":3}},"33":{"start":{"line":109,"column":2},"end":{"line":109,"column":32}}},"fnMap":{"0":{"name":"extractNumericValues","decl":{"start":{"line":5,"column":9},"end":{"line":5,"column":29}},"loc":{"start":{"line":5,"column":50},"end":{"line":19,"column":1}},"line":5},"1":{"name":"(anonymous_1)","decl":{"start":{"line":12,"column":18},"end":{"line":12,"column":19}},"loc":{"start":{"line":12,"column":28},"end":{"line":12,"column":62}},"line":12},"2":{"name":"(anonymous_2)","decl":{"start":{"line":16,"column":33},"end":{"line":16,"column":34}},"loc":{"start":{"line":16,"column":43},"end":{"line":16,"column":77}},"line":16},"3":{"name":"parseMarketPrice","decl":{"start":{"line":21,"column":9},"end":{"line":21,"column":25}},"loc":{"start":{"line":21,"column":32},"end":{"line":43,"column":1}},"line":21},"4":{"name":"(anonymous_4)","decl":{"start":{"line":25,"column":11},"end":{"line":25,"column":12}},"loc":{"start":{"line":25,"column":22},"end":{"line":25,"column":35}},"line":25},"5":{"name":"(anonymous_5)","decl":{"start":{"line":26,"column":14},"end":{"line":26,"column":15}},"loc":{"start":{"line":26,"column":25},"end":{"line":26,"column":47}},"line":26},"6":{"name":"(anonymous_6)","decl":{"start":{"line":35,"column":6},"end":{"line":35,"column":7}},"loc":{"start":{"line":35,"column":17},"end":{"line":35,"column":52}},"line":35},"7":{"name":"mapCardToCache","decl":{"start":{"line":45,"column":9},"end":{"line":45,"column":23}},"loc":{"start":{"line":45,"column":30},"end":{"line":62,"column":1}},"line":45},"8":{"name":"upsertCardCache","decl":{"start":{"line":64,"column":22},"end":{"line":64,"column":37}},"loc":{"start":{"line":64,"column":44},"end":{"line":98,"column":1}},"line":64},"9":{"name":"getCachedCardById","decl":{"start":{"line":100,"column":22},"end":{"line":100,"column":39}},"loc":{"start":{"line":100,"column":48},"end":{"line":110,"column":1}},"line":100}},"branchMap":{"0":{"loc":{"start":{"line":5,"column":37},"end":{"line":5,"column":48}},"type":"default-arg","locations":[{"start":{"line":5,"column":46},"end":{"line":5,"column":48}}],"line":5},"1":{"loc":{"start":{"line":6,"column":2},"end":{"line":6,"column":59}},"type":"if","locations":[{"start":{"line":6,"column":2},"end":{"line":6,"column":59}},{"start":{},"end":{}}],"line":6},"2":{"loc":{"start":{"line":6,"column":6},"end":{"line":6,"column":43}},"type":"binary-expr","locations":[{"start":{"line":6,"column":6},"end":{"line":6,"column":20}},{"start":{"line":6,"column":24},"end":{"line":6,"column":43}}],"line":6},"3":{"loc":{"start":{"line":7,"column":2},"end":{"line":10,"column":3}},"type":"if","locations":[{"start":{"line":7,"column":2},"end":{"line":10,"column":3}},{"start":{},"end":{}}],"line":7},"4":{"loc":{"start":{"line":7,"column":6},"end":{"line":7,"column":57}},"type":"binary-expr","locations":[{"start":{"line":7,"column":6},"end":{"line":7,"column":31}},{"start":{"line":7,"column":35},"end":{"line":7,"column":57}}],"line":7},"5":{"loc":{"start":{"line":11,"column":2},"end":{"line":14,"column":3}},"type":"if","locations":[{"start":{"line":11,"column":2},"end":{"line":14,"column":3}},{"start":{},"end":{}}],"line":11},"6":{"loc":{"start":{"line":15,"column":2},"end":{"line":17,"column":3}},"type":"if","locations":[{"start":{"line":15,"column":2},"end":{"line":17,"column":3}},{"start":{},"end":{}}],"line":15},"7":{"loc":{"start":{"line":23,"column":2},"end":{"line":30,"column":3}},"type":"if","locations":[{"start":{"line":23,"column":2},"end":{"line":30,"column":3}},{"start":{},"end":{}}],"line":23},"8":{"loc":{"start":{"line":27,"column":4},"end":{"line":29,"column":5}},"type":"if","locations":[{"start":{"line":27,"column":4},"end":{"line":29,"column":5}},{"start":{},"end":{}}],"line":27},"9":{"loc":{"start":{"line":33,"column":2},"end":{"line":40,"column":3}},"type":"if","locations":[{"start":{"line":33,"column":2},"end":{"line":40,"column":3}},{"start":{},"end":{}}],"line":33},"10":{"loc":{"start":{"line":35,"column":17},"end":{"line":35,"column":52}},"type":"binary-expr","locations":[{"start":{"line":35,"column":17},"end":{"line":35,"column":39}},{"start":{"line":35,"column":43},"end":{"line":35,"column":52}}],"line":35},"11":{"loc":{"start":{"line":37,"column":4},"end":{"line":39,"column":5}},"type":"if","locations":[{"start":{"line":37,"column":4},"end":{"line":39,"column":5}},{"start":{},"end":{}}],"line":37},"12":{"loc":{"start":{"line":47,"column":4},"end":{"line":51,"column":27}},"type":"binary-expr","locations":[{"start":{"line":47,"column":4},"end":{"line":47,"column":22}},{"start":{"line":48,"column":4},"end":{"line":48,"column":14}},{"start":{"line":49,"column":4},"end":{"line":49,"column":17}},{"start":{"line":50,"column":4},"end":{"line":50,"column":17}},{"start":{"line":51,"column":4},"end":{"line":51,"column":27}}],"line":47},"13":{"loc":{"start":{"line":55,"column":10},"end":{"line":55,"column":27}},"type":"binary-expr","locations":[{"start":{"line":55,"column":10},"end":{"line":55,"column":19}},{"start":{"line":55,"column":23},"end":{"line":55,"column":27}}],"line":55},"14":{"loc":{"start":{"line":56,"column":13},"end":{"line":56,"column":51}},"type":"binary-expr","locations":[{"start":{"line":56,"column":13},"end":{"line":56,"column":27}},{"start":{"line":56,"column":31},"end":{"line":56,"column":43}},{"start":{"line":56,"column":47},"end":{"line":56,"column":51}}],"line":56},"15":{"loc":{"start":{"line":57,"column":12},"end":{"line":57,"column":47}},"type":"binary-expr","locations":[{"start":{"line":57,"column":12},"end":{"line":57,"column":23}},{"start":{"line":57,"column":27},"end":{"line":57,"column":39}},{"start":{"line":57,"column":43},"end":{"line":57,"column":47}}],"line":57},"16":{"loc":{"start":{"line":58,"column":12},"end":{"line":58,"column":31}},"type":"binary-expr","locations":[{"start":{"line":58,"column":12},"end":{"line":58,"column":23}},{"start":{"line":58,"column":27},"end":{"line":58,"column":31}}],"line":58},"17":{"loc":{"start":{"line":109,"column":9},"end":{"line":109,"column":31}},"type":"binary-expr","locations":[{"start":{"line":109,"column":9},"end":{"line":109,"column":23}},{"start":{"line":109,"column":27},"end":{"line":109,"column":31}}],"line":109}},"s":{"0":2,"1":7,"2":0,"3":7,"4":3,"5":3,"6":4,"7":0,"8":0,"9":0,"10":4,"11":4,"12":5,"13":4,"14":3,"15":3,"16":1,"17":2,"18":2,"19":1,"20":1,"21":2,"22":2,"23":2,"24":3,"25":2,"26":1,"27":1,"28":3,"29":3,"30":3,"31":3,"32":2,"33":2},"f":{"0":7,"1":0,"2":5,"3":3,"4":2,"5":2,"6":3,"7":3,"8":3,"9":2},"b":{"0":[0],"1":[0,7],"2":[7,7],"3":[3,4],"4":[7,3],"5":[0,4],"6":[4,0],"7":[1,2],"8":[1,0],"9":[2,0],"10":[3,3],"11":[1,1],"12":[3,2,2,2,1],"13":[3,0],"14":[3,2,1],"15":[3,2,1],"16":[3,2],"17":[2,1]},"_coverageSchema":"1a1c01bbd47fc00a2c39e90264f33305004495a9","hash":"5c10d0da65ac0d0508b747c980d28b1ed4987dfa"}
,"/Users/jpdavalos/Documents/pokecollect/server/services/pokemonApi.js": {"path":"/Users/jpdavalos/Documents/pokecollect/server/services/pokemonApi.js","statementMap":{"0":{"start":{"line":3,"column":20},"end":{"line":3,"column":29}},"1":{"start":{"line":4,"column":18},"end":{"line":4,"column":27}},"2":{"start":{"line":5,"column":18},"end":{"line":5,"column":27}},"3":{"start":{"line":6,"column":22},"end":{"line":6,"column":31}},"4":{"start":{"line":7,"column":26},"end":{"line":7,"column":67}},"5":{"start":{"line":10,"column":16},"end":{"line":10,"column":30}},"6":{"start":{"line":11,"column":2},"end":{"line":11,"column":26}},"7":{"start":{"line":11,"column":14},"end":{"line":11,"column":26}},"8":{"start":{"line":12,"column":2},"end":{"line":15,"column":3}},"9":{"start":{"line":13,"column":4},"end":{"line":13,"column":22}},"10":{"start":{"line":14,"column":4},"end":{"line":14,"column":16}},"11":{"start":{"line":16,"column":2},"end":{"line":16,"column":21}},"12":{"start":{"line":20,"column":2},"end":{"line":23,"column":5}},"13":{"start":{"line":27,"column":14},"end":{"line":27,"column":59}},"14":{"start":{"line":28,"column":2},"end":{"line":32,"column":5}},"15":{"start":{"line":29,"column":4},"end":{"line":31,"column":5}},"16":{"start":{"line":30,"column":6},"end":{"line":30,"column":47}},"17":{"start":{"line":34,"column":19},"end":{"line":38,"column":4}},"18":{"start":{"line":40,"column":2},"end":{"line":48,"column":3}},"19":{"start":{"line":41,"column":17},"end":{"line":41,"column":38}},"20":{"start":{"line":42,"column":18},"end":{"line":44,"column":5}},"21":{"start":{"line":45,"column":4},"end":{"line":45,"column":35}},"22":{"start":{"line":46,"column":4},"end":{"line":46,"column":22}},"23":{"start":{"line":47,"column":4},"end":{"line":47,"column":16}},"24":{"start":{"line":50,"column":2},"end":{"line":50,"column":25}},"25":{"start":{"line":54,"column":2},"end":{"line":54,"column":45}},"26":{"start":{"line":54,"column":33},"end":{"line":54,"column":45}},"27":{"start":{"line":55,"column":16},"end":{"line":55,"column":28}},"28":{"start":{"line":56,"column":2},"end":{"line":56,"column":26}},"29":{"start":{"line":56,"column":14},"end":{"line":56,"column":26}},"30":{"start":{"line":57,"column":2},"end":{"line":57,"column":50}},"31":{"start":{"line":57,"column":37},"end":{"line":57,"column":50}},"32":{"start":{"line":58,"column":2},"end":{"line":58,"column":56}},"33":{"start":{"line":62,"column":2},"end":{"line":62,"column":53}},"34":{"start":{"line":62,"column":41},"end":{"line":62,"column":53}},"35":{"start":{"line":65,"column":4},"end":{"line":70,"column":17}},"36":{"start":{"line":72,"column":16},"end":{"line":72,"column":75}},"37":{"start":{"line":73,"column":16},"end":{"line":76,"column":3}},"38":{"start":{"line":77,"column":24},"end":{"line":77,"column":46}},"39":{"start":{"line":79,"column":2},"end":{"line":93,"column":4}},"40":{"start":{"line":97,"column":21},"end":{"line":97,"column":45}},"41":{"start":{"line":98,"column":2},"end":{"line":98,"column":29}},"42":{"start":{"line":98,"column":19},"end":{"line":98,"column":29}},"43":{"start":{"line":99,"column":20},"end":{"line":99,"column":41}},"44":{"start":{"line":100,"column":2},"end":{"line":100,"column":32}},"45":{"start":{"line":104,"column":19},"end":{"line":104,"column":38}},"46":{"start":{"line":105,"column":2},"end":{"line":107,"column":3}},"47":{"start":{"line":106,"column":4},"end":{"line":106,"column":40}},"48":{"start":{"line":109,"column":14},"end":{"line":109,"column":72}},"49":{"start":{"line":110,"column":17},"end":{"line":110,"column":48}},"50":{"start":{"line":111,"column":2},"end":{"line":111,"column":28}},"51":{"start":{"line":111,"column":14},"end":{"line":111,"column":28}},"52":{"start":{"line":113,"column":17},"end":{"line":117,"column":3}},"53":{"start":{"line":119,"column":27},"end":{"line":119,"column":54}},"54":{"start":{"line":120,"column":2},"end":{"line":122,"column":3}},"55":{"start":{"line":121,"column":4},"end":{"line":121,"column":46}},"56":{"start":{"line":124,"column":14},"end":{"line":124,"column":47}},"57":{"start":{"line":125,"column":15},"end":{"line":125,"column":63}},"58":{"start":{"line":126,"column":18},"end":{"line":132,"column":3}},"59":{"start":{"line":134,"column":2},"end":{"line":134,"column":43}},"60":{"start":{"line":135,"column":2},"end":{"line":135,"column":17}},"61":{"start":{"line":139,"column":21},"end":{"line":139,"column":42}},"62":{"start":{"line":140,"column":2},"end":{"line":142,"column":3}},"63":{"start":{"line":141,"column":4},"end":{"line":141,"column":43}},"64":{"start":{"line":144,"column":17},"end":{"line":144,"column":53}},"65":{"start":{"line":145,"column":2},"end":{"line":145,"column":28}},"66":{"start":{"line":145,"column":14},"end":{"line":145,"column":28}},"67":{"start":{"line":147,"column":14},"end":{"line":147,"column":73}},"68":{"start":{"line":148,"column":15},"end":{"line":148,"column":33}},"69":{"start":{"line":149,"column":18},"end":{"line":149,"column":26}},"70":{"start":{"line":150,"column":2},"end":{"line":150,"column":48}},"71":{"start":{"line":151,"column":2},"end":{"line":151,"column":17}},"72":{"start":{"line":155,"column":19},"end":{"line":155,"column":24}},"73":{"start":{"line":156,"column":17},"end":{"line":156,"column":51}},"74":{"start":{"line":157,"column":2},"end":{"line":157,"column":28}},"75":{"start":{"line":157,"column":14},"end":{"line":157,"column":28}},"76":{"start":{"line":159,"column":15},"end":{"line":159,"column":39}},"77":{"start":{"line":160,"column":18},"end":{"line":160,"column":59}},"78":{"start":{"line":161,"column":2},"end":{"line":161,"column":46}},"79":{"start":{"line":162,"column":2},"end":{"line":162,"column":17}},"80":{"start":{"line":166,"column":20},"end":{"line":166,"column":40}},"81":{"start":{"line":167,"column":2},"end":{"line":169,"column":3}},"82":{"start":{"line":168,"column":4},"end":{"line":168,"column":41}},"83":{"start":{"line":171,"column":17},"end":{"line":171,"column":56}},"84":{"start":{"line":172,"column":2},"end":{"line":172,"column":28}},"85":{"start":{"line":172,"column":14},"end":{"line":172,"column":28}},"86":{"start":{"line":174,"column":18},"end":{"line":174,"column":75}},"87":{"start":{"line":175,"column":15},"end":{"line":177,"column":8}},"88":{"start":{"line":178,"column":18},"end":{"line":178,"column":26}},"89":{"start":{"line":180,"column":2},"end":{"line":180,"column":51}},"90":{"start":{"line":181,"column":2},"end":{"line":181,"column":17}}},"fnMap":{"0":{"name":"getCacheEntry","decl":{"start":{"line":9,"column":9},"end":{"line":9,"column":22}},"loc":{"start":{"line":9,"column":35},"end":{"line":17,"column":1}},"line":9},"1":{"name":"setCacheEntry","decl":{"start":{"line":19,"column":9},"end":{"line":19,"column":22}},"loc":{"start":{"line":19,"column":42},"end":{"line":24,"column":1}},"line":19},"2":{"name":"tcgdexGet","decl":{"start":{"line":26,"column":15},"end":{"line":26,"column":24}},"loc":{"start":{"line":26,"column":48},"end":{"line":51,"column":1}},"line":26},"3":{"name":"(anonymous_3)","decl":{"start":{"line":28,"column":33},"end":{"line":28,"column":34}},"loc":{"start":{"line":28,"column":51},"end":{"line":32,"column":3}},"line":28},"4":{"name":"toRenderableImageUrl","decl":{"start":{"line":53,"column":9},"end":{"line":53,"column":29}},"loc":{"start":{"line":53,"column":54},"end":{"line":59,"column":1}},"line":53},"5":{"name":"withImageUrls","decl":{"start":{"line":61,"column":9},"end":{"line":61,"column":22}},"loc":{"start":{"line":61,"column":29},"end":{"line":94,"column":1}},"line":61},"6":{"name":"normalizeCardNumber","decl":{"start":{"line":96,"column":16},"end":{"line":96,"column":35}},"loc":{"start":{"line":96,"column":44},"end":{"line":101,"column":1}},"line":96},"7":{"name":"searchCards","decl":{"start":{"line":103,"column":22},"end":{"line":103,"column":33}},"loc":{"start":{"line":103,"column":77},"end":{"line":136,"column":1}},"line":103},"8":{"name":"fetchCardById","decl":{"start":{"line":138,"column":22},"end":{"line":138,"column":35}},"loc":{"start":{"line":138,"column":44},"end":{"line":152,"column":1}},"line":138},"9":{"name":"fetchSets","decl":{"start":{"line":154,"column":22},"end":{"line":154,"column":31}},"loc":{"start":{"line":154,"column":34},"end":{"line":163,"column":1}},"line":154},"10":{"name":"fetchCardsBySet","decl":{"start":{"line":165,"column":22},"end":{"line":165,"column":37}},"loc":{"start":{"line":165,"column":45},"end":{"line":182,"column":1}},"line":165}},"branchMap":{"0":{"loc":{"start":{"line":11,"column":2},"end":{"line":11,"column":26}},"type":"if","locations":[{"start":{"line":11,"column":2},"end":{"line":11,"column":26}},{"start":{},"end":{}}],"line":11},"1":{"loc":{"start":{"line":12,"column":2},"end":{"line":15,"column":3}},"type":"if","locations":[{"start":{"line":12,"column":2},"end":{"line":15,"column":3}},{"start":{},"end":{}}],"line":12},"2":{"loc":{"start":{"line":26,"column":35},"end":{"line":26,"column":46}},"type":"default-arg","locations":[{"start":{"line":26,"column":44},"end":{"line":26,"column":46}}],"line":26},"3":{"loc":{"start":{"line":29,"column":4},"end":{"line":31,"column":5}},"type":"if","locations":[{"start":{"line":29,"column":4},"end":{"line":31,"column":5}},{"start":{},"end":{}}],"line":29},"4":{"loc":{"start":{"line":29,"column":8},"end":{"line":29,"column":73}},"type":"binary-expr","locations":[{"start":{"line":29,"column":8},"end":{"line":29,"column":27}},{"start":{"line":29,"column":31},"end":{"line":29,"column":45}},{"start":{"line":29,"column":49},"end":{"line":29,"column":73}}],"line":29},"5":{"loc":{"start":{"line":40,"column":2},"end":{"line":48,"column":3}},"type":"if","locations":[{"start":{"line":40,"column":2},"end":{"line":48,"column":3}},{"start":{},"end":{}}],"line":40},"6":{"loc":{"start":{"line":53,"column":37},"end":{"line":53,"column":52}},"type":"default-arg","locations":[{"start":{"line":53,"column":47},"end":{"line":53,"column":52}}],"line":53},"7":{"loc":{"start":{"line":54,"column":2},"end":{"line":54,"column":45}},"type":"if","locations":[{"start":{"line":54,"column":2},"end":{"line":54,"column":45}},{"start":{},"end":{}}],"line":54},"8":{"loc":{"start":{"line":56,"column":2},"end":{"line":56,"column":26}},"type":"if","locations":[{"start":{"line":56,"column":2},"end":{"line":56,"column":26}},{"start":{},"end":{}}],"line":56},"9":{"loc":{"start":{"line":57,"column":2},"end":{"line":57,"column":50}},"type":"if","locations":[{"start":{"line":57,"column":2},"end":{"line":57,"column":50}},{"start":{},"end":{}}],"line":57},"10":{"loc":{"start":{"line":62,"column":2},"end":{"line":62,"column":53}},"type":"if","locations":[{"start":{"line":62,"column":2},"end":{"line":62,"column":53}},{"start":{},"end":{}}],"line":62},"11":{"loc":{"start":{"line":62,"column":6},"end":{"line":62,"column":39}},"type":"binary-expr","locations":[{"start":{"line":62,"column":6},"end":{"line":62,"column":11}},{"start":{"line":62,"column":15},"end":{"line":62,"column":39}}],"line":62},"12":{"loc":{"start":{"line":65,"column":4},"end":{"line":70,"column":17}},"type":"binary-expr","locations":[{"start":{"line":65,"column":4},"end":{"line":65,"column":22}},{"start":{"line":66,"column":4},"end":{"line":66,"column":22}},{"start":{"line":67,"column":4},"end":{"line":67,"column":21}},{"start":{"line":68,"column":4},"end":{"line":68,"column":14}},{"start":{"line":69,"column":4},"end":{"line":69,"column":17}},{"start":{"line":70,"column":4},"end":{"line":70,"column":17}}],"line":65},"13":{"loc":{"start":{"line":72,"column":37},"end":{"line":72,"column":67}},"type":"binary-expr","locations":[{"start":{"line":72,"column":37},"end":{"line":72,"column":55}},{"start":{"line":72,"column":59},"end":{"line":72,"column":67}}],"line":72},"14":{"loc":{"start":{"line":74,"column":4},"end":{"line":74,"column":55}},"type":"binary-expr","locations":[{"start":{"line":74,"column":4},"end":{"line":74,"column":22}},{"start":{"line":74,"column":26},"end":{"line":74,"column":43}},{"start":{"line":74,"column":47},"end":{"line":74,"column":55}}],"line":74},"15":{"loc":{"start":{"line":77,"column":24},"end":{"line":77,"column":46}},"type":"binary-expr","locations":[{"start":{"line":77,"column":24},"end":{"line":77,"column":29}},{"start":{"line":77,"column":33},"end":{"line":77,"column":38}},{"start":{"line":77,"column":42},"end":{"line":77,"column":46}}],"line":77},"16":{"loc":{"start":{"line":81,"column":8},"end":{"line":87,"column":10}},"type":"cond-expr","locations":[{"start":{"line":82,"column":8},"end":{"line":86,"column":9}},{"start":{"line":87,"column":8},"end":{"line":87,"column":10}}],"line":81},"17":{"loc":{"start":{"line":89,"column":10},"end":{"line":89,"column":75}},"type":"cond-expr","locations":[{"start":{"line":89,"column":59},"end":{"line":89,"column":70}},{"start":{"line":89,"column":73},"end":{"line":89,"column":75}}],"line":89},"18":{"loc":{"start":{"line":89,"column":10},"end":{"line":89,"column":56}},"type":"binary-expr","locations":[{"start":{"line":89,"column":10},"end":{"line":89,"column":21}},{"start":{"line":89,"column":25},"end":{"line":89,"column":56}}],"line":89},"19":{"loc":{"start":{"line":90,"column":10},"end":{"line":90,"column":32}},"type":"cond-expr","locations":[{"start":{"line":90,"column":18},"end":{"line":90,"column":27}},{"start":{"line":90,"column":30},"end":{"line":90,"column":32}}],"line":90},"20":{"loc":{"start":{"line":91,"column":10},"end":{"line":91,"column":45}},"type":"cond-expr","locations":[{"start":{"line":91,"column":18},"end":{"line":91,"column":40}},{"start":{"line":91,"column":43},"end":{"line":91,"column":45}}],"line":91},"21":{"loc":{"start":{"line":97,"column":24},"end":{"line":97,"column":36}},"type":"binary-expr","locations":[{"start":{"line":97,"column":24},"end":{"line":97,"column":30}},{"start":{"line":97,"column":34},"end":{"line":97,"column":36}}],"line":97},"22":{"loc":{"start":{"line":98,"column":2},"end":{"line":98,"column":29}},"type":"if","locations":[{"start":{"line":98,"column":2},"end":{"line":98,"column":29}},{"start":{},"end":{}}],"line":98},"23":{"loc":{"start":{"line":100,"column":10},"end":{"line":100,"column":23}},"type":"binary-expr","locations":[{"start":{"line":100,"column":10},"end":{"line":100,"column":17}},{"start":{"line":100,"column":21},"end":{"line":100,"column":23}}],"line":100},"24":{"loc":{"start":{"line":103,"column":50},"end":{"line":103,"column":58}},"type":"default-arg","locations":[{"start":{"line":103,"column":57},"end":{"line":103,"column":58}}],"line":103},"25":{"loc":{"start":{"line":103,"column":60},"end":{"line":103,"column":73}},"type":"default-arg","locations":[{"start":{"line":103,"column":71},"end":{"line":103,"column":73}}],"line":103},"26":{"loc":{"start":{"line":104,"column":20},"end":{"line":104,"column":30}},"type":"binary-expr","locations":[{"start":{"line":104,"column":20},"end":{"line":104,"column":24}},{"start":{"line":104,"column":28},"end":{"line":104,"column":30}}],"line":104},"27":{"loc":{"start":{"line":105,"column":2},"end":{"line":107,"column":3}},"type":"if","locations":[{"start":{"line":105,"column":2},"end":{"line":107,"column":3}},{"start":{},"end":{}}],"line":105},"28":{"loc":{"start":{"line":111,"column":2},"end":{"line":111,"column":28}},"type":"if","locations":[{"start":{"line":111,"column":2},"end":{"line":111,"column":28}},{"start":{},"end":{}}],"line":111},"29":{"loc":{"start":{"line":120,"column":2},"end":{"line":122,"column":3}},"type":"if","locations":[{"start":{"line":120,"column":2},"end":{"line":122,"column":3}},{"start":{},"end":{}}],"line":120},"30":{"loc":{"start":{"line":125,"column":15},"end":{"line":125,"column":63}},"type":"cond-expr","locations":[{"start":{"line":125,"column":36},"end":{"line":125,"column":58}},{"start":{"line":125,"column":61},"end":{"line":125,"column":63}}],"line":125},"31":{"loc":{"start":{"line":139,"column":22},"end":{"line":139,"column":34}},"type":"binary-expr","locations":[{"start":{"line":139,"column":22},"end":{"line":139,"column":28}},{"start":{"line":139,"column":32},"end":{"line":139,"column":34}}],"line":139},"32":{"loc":{"start":{"line":140,"column":2},"end":{"line":142,"column":3}},"type":"if","locations":[{"start":{"line":140,"column":2},"end":{"line":142,"column":3}},{"start":{},"end":{}}],"line":140},"33":{"loc":{"start":{"line":145,"column":2},"end":{"line":145,"column":28}},"type":"if","locations":[{"start":{"line":145,"column":2},"end":{"line":145,"column":28}},{"start":{},"end":{}}],"line":145},"34":{"loc":{"start":{"line":157,"column":2},"end":{"line":157,"column":28}},"type":"if","locations":[{"start":{"line":157,"column":2},"end":{"line":157,"column":28}},{"start":{},"end":{}}],"line":157},"35":{"loc":{"start":{"line":160,"column":26},"end":{"line":160,"column":57}},"type":"cond-expr","locations":[{"start":{"line":160,"column":48},"end":{"line":160,"column":52}},{"start":{"line":160,"column":55},"end":{"line":160,"column":57}}],"line":160},"36":{"loc":{"start":{"line":166,"column":21},"end":{"line":166,"column":32}},"type":"binary-expr","locations":[{"start":{"line":166,"column":21},"end":{"line":166,"column":26}},{"start":{"line":166,"column":30},"end":{"line":166,"column":32}}],"line":166},"37":{"loc":{"start":{"line":167,"column":2},"end":{"line":169,"column":3}},"type":"if","locations":[{"start":{"line":167,"column":2},"end":{"line":169,"column":3}},{"start":{},"end":{}}],"line":167},"38":{"loc":{"start":{"line":172,"column":2},"end":{"line":172,"column":28}},"type":"if","locations":[{"start":{"line":172,"column":2},"end":{"line":172,"column":28}},{"start":{},"end":{}}],"line":172},"39":{"loc":{"start":{"line":175,"column":15},"end":{"line":177,"column":8}},"type":"cond-expr","locations":[{"start":{"line":176,"column":6},"end":{"line":176,"column":38}},{"start":{"line":177,"column":6},"end":{"line":177,"column":8}}],"line":175}},"s":{"0":2,"1":2,"2":2,"3":2,"4":2,"5":9,"6":9,"7":6,"8":3,"9":0,"10":0,"11":3,"12":5,"13":6,"14":6,"15":7,"16":7,"17":6,"18":6,"19":1,"20":1,"21":1,"22":1,"23":1,"24":5,"25":6,"26":0,"27":6,"28":6,"29":0,"30":6,"31":0,"32":6,"33":3,"34":0,"35":3,"36":3,"37":3,"38":3,"39":3,"40":5,"41":5,"42":2,"43":3,"44":3,"45":4,"46":4,"47":1,"48":3,"49":3,"50":3,"51":1,"52":2,"53":2,"54":2,"55":1,"56":2,"57":2,"58":2,"59":2,"60":2,"61":3,"62":3,"63":1,"64":2,"65":2,"66":0,"67":2,"68":1,"69":1,"70":1,"71":1,"72":2,"73":2,"74":2,"75":1,"76":1,"77":1,"78":1,"79":1,"80":3,"81":3,"82":1,"83":2,"84":2,"85":1,"86":1,"87":1,"88":1,"89":1,"90":1},"f":{"0":9,"1":5,"2":6,"3":7,"4":6,"5":3,"6":5,"7":4,"8":3,"9":2,"10":3},"b":{"0":[6,3],"1":[0,3],"2":[4],"3":[7,0],"4":[7,7,7],"5":[1,5],"6":[0],"7":[0,6],"8":[0,6],"9":[0,6],"10":[0,3],"11":[3,3],"12":[3,1,1,1,0,0],"13":[3,1],"14":[3,3,3],"15":[3,0,0],"16":[3,0],"17":[2,1],"18":[3,2],"19":[3,0],"20":[3,0],"21":[5,1],"22":[2,3],"23":[3,0],"24":[1],"25":[1],"26":[4,1],"27":[1,3],"28":[1,2],"29":[1,1],"30":[2,0],"31":[3,1],"32":[1,2],"33":[0,2],"34":[1,1],"35":[1,0],"36":[3,1],"37":[1,2],"38":[1,1],"39":[1,0]},"_coverageSchema":"1a1c01bbd47fc00a2c39e90264f33305004495a9","hash":"ff9b032835532e607b01cbac906e68ad1ec47188"}
,"/Users/jpdavalos/Documents/pokecollect/source/toggleMode.js": {"path":"/Users/jpdavalos/Documents/pokecollect/source/toggleMode.js","statementMap":{"0":{"start":{"line":1,"column":26},"end":{"line":1,"column":43}},"1":{"start":{"line":2,"column":26},"end":{"line":2,"column":67}},"2":{"start":{"line":3,"column":20},"end":{"line":3,"column":33}},"3":{"start":{"line":4,"column":25},"end":{"line":4,"column":76}},"4":{"start":{"line":6,"column":19},"end":{"line":6,"column":58}},"5":{"start":{"line":7,"column":25},"end":{"line":7,"column":72}},"6":{"start":{"line":8,"column":26},"end":{"line":8,"column":103}},"7":{"start":{"line":10,"column":0},"end":{"line":10,"column":61}},"8":{"start":{"line":13,"column":2},"end":{"line":13,"column":63}},"9":{"start":{"line":13,"column":56},"end":{"line":13,"column":63}},"10":{"start":{"line":14,"column":2},"end":{"line":14,"column":59}},"11":{"start":{"line":17,"column":0},"end":{"line":23,"column":1}},"12":{"start":{"line":18,"column":2},"end":{"line":22,"column":3}},"13":{"start":{"line":19,"column":4},"end":{"line":19,"column":69}},"14":{"start":{"line":20,"column":9},"end":{"line":22,"column":3}},"15":{"start":{"line":21,"column":4},"end":{"line":21,"column":54}},"16":{"start":{"line":25,"column":0},"end":{"line":30,"column":1}},"17":{"start":{"line":26,"column":2},"end":{"line":29,"column":5}},"18":{"start":{"line":27,"column":4},"end":{"line":27,"column":46}},"19":{"start":{"line":28,"column":4},"end":{"line":28,"column":97}}},"fnMap":{"0":{"name":"syncWithSystemTheme","decl":{"start":{"line":12,"column":9},"end":{"line":12,"column":28}},"loc":{"start":{"line":12,"column":36},"end":{"line":15,"column":1}},"line":12},"1":{"name":"(anonymous_1)","decl":{"start":{"line":26,"column":46},"end":{"line":26,"column":47}},"loc":{"start":{"line":26,"column":52},"end":{"line":29,"column":3}},"line":26}},"branchMap":{"0":{"loc":{"start":{"line":7,"column":25},"end":{"line":7,"column":72}},"type":"binary-expr","locations":[{"start":{"line":7,"column":25},"end":{"line":7,"column":46}},{"start":{"line":7,"column":50},"end":{"line":7,"column":72}}],"line":7},"1":{"loc":{"start":{"line":8,"column":26},"end":{"line":8,"column":103}},"type":"cond-expr","locations":[{"start":{"line":8,"column":45},"end":{"line":8,"column":66}},{"start":{"line":8,"column":69},"end":{"line":8,"column":103}}],"line":8},"2":{"loc":{"start":{"line":13,"column":2},"end":{"line":13,"column":63}},"type":"if","locations":[{"start":{"line":13,"column":2},"end":{"line":13,"column":63}},{"start":{},"end":{}}],"line":13},"3":{"loc":{"start":{"line":17,"column":0},"end":{"line":23,"column":1}},"type":"if","locations":[{"start":{"line":17,"column":0},"end":{"line":23,"column":1}},{"start":{},"end":{}}],"line":17},"4":{"loc":{"start":{"line":18,"column":2},"end":{"line":22,"column":3}},"type":"if","locations":[{"start":{"line":18,"column":2},"end":{"line":22,"column":3}},{"start":{"line":20,"column":9},"end":{"line":22,"column":3}}],"line":18},"5":{"loc":{"start":{"line":20,"column":9},"end":{"line":22,"column":3}},"type":"if","locations":[{"start":{"line":20,"column":9},"end":{"line":22,"column":3}},{"start":{},"end":{}}],"line":20},"6":{"loc":{"start":{"line":25,"column":0},"end":{"line":30,"column":1}},"type":"if","locations":[{"start":{"line":25,"column":0},"end":{"line":30,"column":1}},{"start":{},"end":{}}],"line":25}},"s":{"0":6,"1":6,"2":6,"3":6,"4":6,"5":6,"6":6,"7":6,"8":0,"9":0,"10":0,"11":6,"12":0,"13":0,"14":0,"15":0,"16":6,"17":5,"18":2,"19":2},"f":{"0":0,"1":2},"b":{"0":[6,3],"1":[4,2],"2":[0,0],"3":[0,6],"4":[0,0],"5":[0,0],"6":[5,1]},"_coverageSchema":"1a1c01bbd47fc00a2c39e90264f33305004495a9","hash":"046b36ac49f0c444c38ced3a2ce4cc0a0732dbc0"}
,"/Users/jpdavalos/Documents/pokecollect/source/api/pokemonAPI.js": {"path":"/Users/jpdavalos/Documents/pokecollect/source/api/pokemonAPI.js","statementMap":{"0":{"start":{"line":3,"column":28},"end":{"line":3,"column":57}},"1":{"start":{"line":8,"column":2},"end":{"line":10,"column":3}},"2":{"start":{"line":9,"column":4},"end":{"line":9,"column":64}},"3":{"start":{"line":11,"column":2},"end":{"line":11,"column":22}},"4":{"start":{"line":15,"column":2},"end":{"line":17,"column":3}},"5":{"start":{"line":16,"column":4},"end":{"line":16,"column":16}},"6":{"start":{"line":20,"column":4},"end":{"line":24,"column":23}},"7":{"start":{"line":26,"column":2},"end":{"line":48,"column":4}},"8":{"start":{"line":52,"column":2},"end":{"line":52,"column":38}},"9":{"start":{"line":52,"column":28},"end":{"line":52,"column":38}},"10":{"start":{"line":53,"column":2},"end":{"line":53,"column":49}},"11":{"start":{"line":57,"column":19},"end":{"line":57,"column":45}},"12":{"start":{"line":58,"column":15},"end":{"line":58,"column":100}},"13":{"start":{"line":59,"column":2},"end":{"line":59,"column":38}},"14":{"start":{"line":63,"column":2},"end":{"line":65,"column":3}},"15":{"start":{"line":64,"column":4},"end":{"line":64,"column":56}},"16":{"start":{"line":66,"column":2},"end":{"line":68,"column":3}},"17":{"start":{"line":67,"column":4},"end":{"line":67,"column":60}},"18":{"start":{"line":70,"column":15},"end":{"line":72,"column":3}},"19":{"start":{"line":73,"column":2},"end":{"line":73,"column":38}},"20":{"start":{"line":77,"column":17},"end":{"line":77,"column":39}},"21":{"start":{"line":78,"column":2},"end":{"line":84,"column":3}},"22":{"start":{"line":79,"column":17},"end":{"line":79,"column":69}},"23":{"start":{"line":80,"column":4},"end":{"line":80,"column":44}},"24":{"start":{"line":82,"column":4},"end":{"line":82,"column":40}},"25":{"start":{"line":82,"column":28},"end":{"line":82,"column":40}},"26":{"start":{"line":83,"column":4},"end":{"line":83,"column":14}},"27":{"start":{"line":88,"column":19},"end":{"line":88,"column":45}},"28":{"start":{"line":89,"column":21},"end":{"line":89,"column":45}},"29":{"start":{"line":90,"column":2},"end":{"line":92,"column":3}},"30":{"start":{"line":91,"column":4},"end":{"line":91,"column":47}},"31":{"start":{"line":94,"column":15},"end":{"line":98,"column":3}},"32":{"start":{"line":100,"column":2},"end":{"line":100,"column":38}},"33":{"start":{"line":104,"column":15},"end":{"line":104,"column":42}},"34":{"start":{"line":105,"column":2},"end":{"line":105,"column":51}},"35":{"start":{"line":109,"column":20},"end":{"line":109,"column":48}},"36":{"start":{"line":110,"column":15},"end":{"line":110,"column":74}},"37":{"start":{"line":111,"column":2},"end":{"line":111,"column":38}}},"fnMap":{"0":{"name":"ensureString","decl":{"start":{"line":7,"column":9},"end":{"line":7,"column":21}},"loc":{"start":{"line":7,"column":40},"end":{"line":12,"column":1}},"line":7},"1":{"name":"normalizeCard","decl":{"start":{"line":14,"column":9},"end":{"line":14,"column":22}},"loc":{"start":{"line":14,"column":29},"end":{"line":49,"column":1}},"line":14},"2":{"name":"normalizeCardList","decl":{"start":{"line":51,"column":9},"end":{"line":51,"column":26}},"loc":{"start":{"line":51,"column":33},"end":{"line":54,"column":1}},"line":51},"3":{"name":"getCardsByName","decl":{"start":{"line":56,"column":22},"end":{"line":56,"column":36}},"loc":{"start":{"line":56,"column":43},"end":{"line":60,"column":1}},"line":56},"4":{"name":"getCardsByPage","decl":{"start":{"line":62,"column":22},"end":{"line":62,"column":36}},"loc":{"start":{"line":62,"column":62},"end":{"line":74,"column":1}},"line":62},"5":{"name":"getCardById","decl":{"start":{"line":76,"column":22},"end":{"line":76,"column":33}},"loc":{"start":{"line":76,"column":38},"end":{"line":85,"column":1}},"line":76},"6":{"name":"getCardsByNameAndNumber","decl":{"start":{"line":87,"column":22},"end":{"line":87,"column":45}},"loc":{"start":{"line":87,"column":60},"end":{"line":101,"column":1}},"line":87},"7":{"name":"getAllSets","decl":{"start":{"line":103,"column":22},"end":{"line":103,"column":32}},"loc":{"start":{"line":103,"column":35},"end":{"line":106,"column":1}},"line":103},"8":{"name":"getCardsBySet","decl":{"start":{"line":108,"column":22},"end":{"line":108,"column":35}},"loc":{"start":{"line":108,"column":43},"end":{"line":112,"column":1}},"line":108}},"branchMap":{"0":{"loc":{"start":{"line":8,"column":2},"end":{"line":10,"column":3}},"type":"if","locations":[{"start":{"line":8,"column":2},"end":{"line":10,"column":3}},{"start":{},"end":{}}],"line":8},"1":{"loc":{"start":{"line":8,"column":6},"end":{"line":8,"column":58}},"type":"binary-expr","locations":[{"start":{"line":8,"column":6},"end":{"line":8,"column":12}},{"start":{"line":8,"column":16},"end":{"line":8,"column":41}},{"start":{"line":8,"column":45},"end":{"line":8,"column":58}}],"line":8},"2":{"loc":{"start":{"line":15,"column":2},"end":{"line":17,"column":3}},"type":"if","locations":[{"start":{"line":15,"column":2},"end":{"line":17,"column":3}},{"start":{},"end":{}}],"line":15},"3":{"loc":{"start":{"line":15,"column":6},"end":{"line":15,"column":39}},"type":"binary-expr","locations":[{"start":{"line":15,"column":6},"end":{"line":15,"column":11}},{"start":{"line":15,"column":15},"end":{"line":15,"column":39}}],"line":15},"4":{"loc":{"start":{"line":20,"column":4},"end":{"line":24,"column":23}},"type":"binary-expr","locations":[{"start":{"line":20,"column":4},"end":{"line":20,"column":22}},{"start":{"line":21,"column":4},"end":{"line":21,"column":14}},{"start":{"line":22,"column":4},"end":{"line":22,"column":17}},{"start":{"line":23,"column":4},"end":{"line":23,"column":17}},{"start":{"line":24,"column":4},"end":{"line":24,"column":23}}],"line":20},"5":{"loc":{"start":{"line":28,"column":10},"end":{"line":28,"column":32}},"type":"binary-expr","locations":[{"start":{"line":28,"column":10},"end":{"line":28,"column":19}},{"start":{"line":28,"column":23},"end":{"line":28,"column":32}}],"line":28},"6":{"loc":{"start":{"line":29,"column":12},"end":{"line":29,"column":47}},"type":"binary-expr","locations":[{"start":{"line":29,"column":12},"end":{"line":29,"column":23}},{"start":{"line":29,"column":27},"end":{"line":29,"column":39}},{"start":{"line":29,"column":43},"end":{"line":29,"column":47}}],"line":29},"7":{"loc":{"start":{"line":30,"column":13},"end":{"line":30,"column":48}},"type":"binary-expr","locations":[{"start":{"line":30,"column":13},"end":{"line":30,"column":25}},{"start":{"line":30,"column":29},"end":{"line":30,"column":40}},{"start":{"line":30,"column":44},"end":{"line":30,"column":48}}],"line":30},"8":{"loc":{"start":{"line":31,"column":12},"end":{"line":31,"column":31}},"type":"binary-expr","locations":[{"start":{"line":31,"column":12},"end":{"line":31,"column":23}},{"start":{"line":31,"column":27},"end":{"line":31,"column":31}}],"line":31},"9":{"loc":{"start":{"line":37,"column":10},"end":{"line":37,"column":24}},"type":"binary-expr","locations":[{"start":{"line":37,"column":10},"end":{"line":37,"column":18}},{"start":{"line":37,"column":22},"end":{"line":37,"column":24}}],"line":37},"10":{"loc":{"start":{"line":38,"column":12},"end":{"line":38,"column":50}},"type":"binary-expr","locations":[{"start":{"line":38,"column":12},"end":{"line":38,"column":26}},{"start":{"line":38,"column":30},"end":{"line":38,"column":42}},{"start":{"line":38,"column":46},"end":{"line":38,"column":50}}],"line":38},"11":{"loc":{"start":{"line":40,"column":8},"end":{"line":43,"column":12}},"type":"binary-expr","locations":[{"start":{"line":40,"column":8},"end":{"line":40,"column":30}},{"start":{"line":41,"column":8},"end":{"line":41,"column":37}},{"start":{"line":42,"column":8},"end":{"line":42,"column":34}},{"start":{"line":43,"column":8},"end":{"line":43,"column":12}}],"line":40},"12":{"loc":{"start":{"line":52,"column":2},"end":{"line":52,"column":38}},"type":"if","locations":[{"start":{"line":52,"column":2},"end":{"line":52,"column":38}},{"start":{},"end":{}}],"line":52},"13":{"loc":{"start":{"line":62,"column":37},"end":{"line":62,"column":45}},"type":"default-arg","locations":[{"start":{"line":62,"column":44},"end":{"line":62,"column":45}}],"line":62},"14":{"loc":{"start":{"line":62,"column":47},"end":{"line":62,"column":60}},"type":"default-arg","locations":[{"start":{"line":62,"column":58},"end":{"line":62,"column":60}}],"line":62},"15":{"loc":{"start":{"line":63,"column":2},"end":{"line":65,"column":3}},"type":"if","locations":[{"start":{"line":63,"column":2},"end":{"line":65,"column":3}},{"start":{},"end":{}}],"line":63},"16":{"loc":{"start":{"line":63,"column":6},"end":{"line":63,"column":41}},"type":"binary-expr","locations":[{"start":{"line":63,"column":6},"end":{"line":63,"column":29}},{"start":{"line":63,"column":33},"end":{"line":63,"column":41}}],"line":63},"17":{"loc":{"start":{"line":66,"column":2},"end":{"line":68,"column":3}},"type":"if","locations":[{"start":{"line":66,"column":2},"end":{"line":68,"column":3}},{"start":{},"end":{}}],"line":66},"18":{"loc":{"start":{"line":66,"column":6},"end":{"line":66,"column":49}},"type":"binary-expr","locations":[{"start":{"line":66,"column":6},"end":{"line":66,"column":33}},{"start":{"line":66,"column":37},"end":{"line":66,"column":49}}],"line":66},"19":{"loc":{"start":{"line":80,"column":25},"end":{"line":80,"column":42}},"type":"binary-expr","locations":[{"start":{"line":80,"column":25},"end":{"line":80,"column":34}},{"start":{"line":80,"column":38},"end":{"line":80,"column":42}}],"line":80},"20":{"loc":{"start":{"line":82,"column":4},"end":{"line":82,"column":40}},"type":"if","locations":[{"start":{"line":82,"column":4},"end":{"line":82,"column":40}},{"start":{},"end":{}}],"line":82},"21":{"loc":{"start":{"line":89,"column":24},"end":{"line":89,"column":36}},"type":"binary-expr","locations":[{"start":{"line":89,"column":24},"end":{"line":89,"column":30}},{"start":{"line":89,"column":34},"end":{"line":89,"column":36}}],"line":89},"22":{"loc":{"start":{"line":90,"column":2},"end":{"line":92,"column":3}},"type":"if","locations":[{"start":{"line":90,"column":2},"end":{"line":92,"column":3}},{"start":{},"end":{}}],"line":90},"23":{"loc":{"start":{"line":105,"column":9},"end":{"line":105,"column":50}},"type":"cond-expr","locations":[{"start":{"line":105,"column":36},"end":{"line":105,"column":45}},{"start":{"line":105,"column":48},"end":{"line":105,"column":50}}],"line":105}},"s":{"0":2,"1":5,"2":1,"3":4,"4":2,"5":0,"6":2,"7":2,"8":3,"9":0,"10":3,"11":2,"12":1,"13":1,"14":2,"15":1,"16":1,"17":1,"18":0,"19":0,"20":1,"21":1,"22":1,"23":0,"24":1,"25":1,"26":0,"27":1,"28":1,"29":1,"30":0,"31":1,"32":1,"33":1,"34":1,"35":1,"36":1,"37":1},"f":{"0":5,"1":2,"2":3,"3":2,"4":2,"5":1,"6":1,"7":1,"8":1},"b":{"0":[1,4],"1":[5,4,4],"2":[0,2],"3":[2,2],"4":[2,0,0,0,0],"5":[2,0],"6":[2,2,1],"7":[2,1,1],"8":[2,1],"9":[2,1],"10":[2,1,1],"11":[2,1,1,1],"12":[0,3],"13":[0],"14":[0],"15":[1,1],"16":[2,2],"17":[1,0],"18":[1,1],"19":[0,0],"20":[1,0],"21":[1,0],"22":[0,1],"23":[1,0]},"_coverageSchema":"1a1c01bbd47fc00a2c39e90264f33305004495a9","hash":"e2a8983ba461ef2925ca718e6d00fa8f308d8eef"}
,"/Users/jpdavalos/Documents/pokecollect/source/assets/scripts/api-client.js": {"path":"/Users/jpdavalos/Documents/pokecollect/source/assets/scripts/api-client.js","statementMap":{"0":{"start":{"line":1,"column":17},"end":{"line":1,"column":78}},"1":{"start":{"line":3,"column":16},"end":{"line":3,"column":72}},"2":{"start":{"line":6,"column":2},"end":{"line":6,"column":28}},"3":{"start":{"line":7,"column":2},"end":{"line":11,"column":3}},"4":{"start":{"line":8,"column":4},"end":{"line":8,"column":64}},"5":{"start":{"line":10,"column":4},"end":{"line":10,"column":56}},"6":{"start":{"line":15,"column":2},"end":{"line":15,"column":19}},"7":{"start":{"line":19,"column":18},"end":{"line":22,"column":3}},"8":{"start":{"line":24,"column":2},"end":{"line":26,"column":3}},"9":{"start":{"line":25,"column":4},"end":{"line":25,"column":50}},"10":{"start":{"line":28,"column":19},"end":{"line":31,"column":4}},"11":{"start":{"line":33,"column":17},"end":{"line":33,"column":83}},"12":{"start":{"line":34,"column":18},"end":{"line":34,"column":55}},"13":{"start":{"line":36,"column":2},"end":{"line":41,"column":3}},"14":{"start":{"line":37,"column":18},"end":{"line":37,"column":83}},"15":{"start":{"line":38,"column":4},"end":{"line":38,"column":35}},"16":{"start":{"line":39,"column":4},"end":{"line":39,"column":28}},"17":{"start":{"line":40,"column":4},"end":{"line":40,"column":16}},"18":{"start":{"line":43,"column":2},"end":{"line":43,"column":17}},"19":{"start":{"line":47,"column":2},"end":{"line":47,"column":42}},"20":{"start":{"line":51,"column":2},"end":{"line":54,"column":5}},"21":{"start":{"line":58,"column":2},"end":{"line":61,"column":5}},"22":{"start":{"line":65,"column":2},"end":{"line":65,"column":45}}},"fnMap":{"0":{"name":"setAuthToken","decl":{"start":{"line":5,"column":16},"end":{"line":5,"column":28}},"loc":{"start":{"line":5,"column":36},"end":{"line":12,"column":1}},"line":5},"1":{"name":"getAuthToken","decl":{"start":{"line":14,"column":16},"end":{"line":14,"column":28}},"loc":{"start":{"line":14,"column":31},"end":{"line":16,"column":1}},"line":14},"2":{"name":"request","decl":{"start":{"line":18,"column":15},"end":{"line":18,"column":22}},"loc":{"start":{"line":18,"column":43},"end":{"line":44,"column":1}},"line":18},"3":{"name":"apiGet","decl":{"start":{"line":46,"column":16},"end":{"line":46,"column":22}},"loc":{"start":{"line":46,"column":29},"end":{"line":48,"column":1}},"line":46},"4":{"name":"apiPost","decl":{"start":{"line":50,"column":16},"end":{"line":50,"column":23}},"loc":{"start":{"line":50,"column":36},"end":{"line":55,"column":1}},"line":50},"5":{"name":"apiPut","decl":{"start":{"line":57,"column":16},"end":{"line":57,"column":22}},"loc":{"start":{"line":57,"column":35},"end":{"line":62,"column":1}},"line":57},"6":{"name":"apiDelete","decl":{"start":{"line":64,"column":16},"end":{"line":64,"column":25}},"loc":{"start":{"line":64,"column":32},"end":{"line":66,"column":1}},"line":64}},"branchMap":{"0":{"loc":{"start":{"line":1,"column":17},"end":{"line":1,"column":78}},"type":"binary-expr","locations":[{"start":{"line":1,"column":17},"end":{"line":1,"column":44}},{"start":{"line":1,"column":48},"end":{"line":1,"column":78}}],"line":1},"1":{
[...]
:364,"column":45},"end":{"line":364,"column":48}}],"line":364},"23":{"loc":{"start":{"line":365,"column":26},"end":{"line":365,"column":54}},"type":"binary-expr","locations":[{"start":{"line":365,"column":26},"end":{"line":365,"column":41}},{"start":{"line":365,"column":45},"end":{"line":365,"column":54}}],"line":365},"24":{"loc":{"start":{"line":374,"column":6},"end":{"line":374,"column":49}},"type":"if","locations":[{"start":{"line":374,"column":6},"end":{"line":374,"column":49}},{"start":{},"end":{}}],"line":374},"25":{"loc":{"start":{"line":378,"column":4},"end":{"line":396,"column":5}},"type":"if","locations":[{"start":{"line":378,"column":4},"end":{"line":396,"column":5}},{"start":{"line":381,"column":11},"end":{"line":396,"column":5}}],"line":378}},"s":{"0":1,"1":1,"2":1,"3":7,"4":7,"5":7,"6":7,"7":7,"8":7,"9":7,"10":7,"11":7,"12":7,"13":7,"14":7,"15":7,"16":7,"17":7,"18":1,"19":0,"20":0,"21":0,"22":1,"23":1,"24":4,"25":4,"26":4,"27":2,"28":2,"29":2,"30":2,"31":1,"32":1,"33":0,"34":1,"35":2,"36":0,"37":2,"38":2,"39":12,"40":12,"41":12,"42":12,"43":12,"44":12,"45":12,"46":12,"47":12,"48":12,"49":73,"50":73,"51":73,"52":73,"53":73,"54":73,"55":73,"56":657,"57":657,"58":657,"59":657,"60":3,"61":3,"62":3,"63":3,"64":3,"65":0,"66":0,"67":3,"68":0,"69":3,"70":654,"71":492,"72":0,"73":162,"74":162,"75":657,"76":1,"77":0,"78":1,"79":1,"80":1,"81":1,"82":1,"83":1,"84":1,"85":1,"86":1,"87":1,"88":1,"89":1,"90":1,"91":1,"92":1,"93":0,"94":1,"95":1,"96":1,"97":1,"98":1,"99":1,"100":1,"101":1,"102":1,"103":1,"104":1,"105":1,"106":1,"107":1,"108":3,"109":3,"110":0,"111":3,"112":3,"113":3,"114":3,"115":3,"116":3,"117":2,"118":0,"119":3,"120":3,"121":1,"122":1,"123":2,"124":2,"125":2,"126":2,"127":2,"128":1,"129":1,"130":1,"131":1,"132":1,"133":3,"134":1},"f":{"0":7,"1":1,"2":2,"3":12,"4":73,"5":0,"6":0,"7":0,"8":1,"9":1,"10":1,"11":1,"12":3,"13":2,"14":2},"b":{"0":[0,1],"1":[2,2],"2":[4,4,3,3,3],"3":[2,0],"4":[0,1],"5":[0,2],"6":[2,2],"7":[1,1],"8":[55,18],"9":[3,70],"10":[3,654],"11":[3,0],"12":[3,0],"13":[492,162],"14":[0,1],"15":[0,1],"16":[1,1],"17":[0,3],"18":[3,0],"19":[3,0],"20":[3,0],"21":[3,0],"22":[3,0],"23":[3,0],"24":[0,2],"25":[1,2]},"_coverageSchema":"1a1c01bbd47fc00a2c39e90264f33305004495a9","hash":"7d8c855e336cfb7e6db817dbf67f1ee11467418e"}
,"/Users/jpdavalos/Documents/pokecollect/source/components/collection/collection-view.js": {"path":"/Users/jpdavalos/Documents/pokecollect/source/components/collection/collection-view.js","statementMap":{"0":{"start":{"line":4,"column":28},"end":{"line":4,"column":57}},"1":{"start":{"line":8,"column":4},"end":{"line":8,"column":12}},"2":{"start":{"line":9,"column":4},"end":{"line":9,"column":40}},"3":{"start":{"line":10,"column":4},"end":{"line":10,"column":20}},"4":{"start":{"line":11,"column":4},"end":{"line":11,"column":25}},"5":{"start":{"line":12,"column":4},"end":{"line":12,"column":20}},"6":{"start":{"line":13,"column":4},"end":{"line":13,"column":27}},"7":{"start":{"line":15,"column":4},"end":{"line":191,"column":6}},"8":{"start":{"line":193,"column":4},"end":{"line":196,"column":7}},"9":{"start":{"line":194,"column":6},"end":{"line":194,"column":29}},"10":{"start":{"line":195,"column":6},"end":{"line":195,"column":20}},"11":{"start":{"line":198,"column":4},"end":{"line":201,"column":7}},"12":{"start":{"line":199,"column":6},"end":{"line":199,"column":31}},"13":{"start":{"line":200,"column":6},"end":{"line":200,"column":20}},"14":{"start":{"line":205,"column":4},"end":{"line":205,"column":18}},"15":{"start":{"line":209,"column":4},"end":{"line":209,"column":51}},"16":{"start":{"line":210,"column":4},"end":{"line":210,"column":25}},"17":{"start":{"line":211,"column":4},"end":{"line":211,"column":20}},"18":{"start":{"line":212,"column":4},"end":{"line":212,"column":18}},"19":{"start":{"line":216,"column":4},"end":{"line":216,"column":38}},"20":{"start":{"line":217,"column":4},"end":{"line":217,"column":18}},"21":{"start":{"line":221,"column":4},"end":{"line":221,"column":31}},"22":{"start":{"line":222,"column":4},"end":{"line":222,"column":25}},"23":{"start":{"line":223,"column":4},"end":{"line":223,"column":18}},"24":{"start":{"line":227,"column":17},"end":{"line":227,"column":66}},"25":{"start":{"line":228,"column":18},"end":{"line":228,"column":57}},"26":{"start":{"line":229,"column":18},"end":{"line":229,"column":68}},"27":{"start":{"line":230,"column":21},"end":{"line":230,"column":68}},"28":{"start":{"line":231,"column":23},"end":{"line":231,"column":72}},"29":{"start":{"line":233,"column":4},"end":{"line":233,"column":24}},"30":{"start":{"line":234,"column":4},"end":{"line":234,"column":27}},"31":{"start":{"line":235,"column":4},"end":{"line":235,"column":30}},"32":{"start":{"line":236,"column":4},"end":{"line":236,"column":89}},"33":{"start":{"line":238,"column":4},"end":{"line":238,"column":65}},"34":{"start":{"line":239,"column":4},"end":{"line":239,"column":66}},"35":{"start":{"line":240,"column":4},"end":{"line":240,"column":70}},"36":{"start":{"line":242,"column":4},"end":{"line":245,"column":5}},"37":{"start":{"line":243,"column":6},"end":{"line":243,"column":50}},"38":{"start":{"line":244,"column":6},"end":{"line":244,"column":13}},"39":{"start":{"line":247,"column":4},"end":{"line":251,"column":5}},"40":{"start":{"line":248,"column":6},"end":{"line":248,"column":37}},"41":{"start":{"line":249,"column":6},"end":{"line":249,"column":35}},"42":{"start":{"line":250,"column":6},"end":{"line":250,"column":13}},"43":{"start":{"line":253,"column":4},"end":{"line":256,"column":5}},"44":{"start":{"line":254,"column":6},"end":{"line":254,"column":61}},"45":{"start":{"line":255,"column":6},"end":{"line":255,"column":13}},"46":{"start":{"line":258,"column":4},"end":{"line":291,"column":7}},"47":{"start":{"line":259,"column":22},"end":{"line":259,"column":51}},"48":{"start":{"line":260,"column":6},"end":{"line":260,"column":44}},"49":{"start":{"line":262,"column":18},"end":{"line":262,"column":47}},"50":{"start":{"line":263,"column":6},"end":{"line":263,"column":53}},"51":{"start":{"line":264,"column":6},"end":{"line":264,"column":44}},"52":{"start":{"line":265,"column":6},"end":{"line":265,"column":27}},"53":{"start":{"line":266,"column":6},"end":{"line":269,"column":8}},"54":{"start":{"line":267,"column":8},"end":{"line":267,"column":27}},"55":{"start":{"line":268,"column":8},"end":{"line":268,"column":38}},"56":{"start":{"line":271,"column":21},"end":{"line":271,"column":50}},"57":{"start":{"line":272,"column":6},"end":{"line":272,"column":37}},"58":{"start":{"line":273,"column":6},"end":{"line":273,"column":50}},"59":{"start":{"line":275,"column":21},"end":{"line":275,"column":50}},"60":{"start":{"line":276,"column":6},"end":{"line":276,"column":37}},"61":{"start":{"line":277,"column":23},"end":{"line":277,"column":72}},"62":{"start":{"line":278,"column":26},"end":{"line":278,"column":79}},"63":{"start":{"line":279,"column":26},"end":{"line":279,"column":71}},"64":{"start":{"line":280,"column":25},"end":{"line":280,"column":115}},"65":{"start":{"line":281,"column":6},"end":{"line":286,"column":8}},"66":{"start":{"line":288,"column":6},"end":{"line":288,"column":42}},"67":{"start":{"line":289,"column":6},"end":{"line":289,"column":72}},"68":{"start":{"line":289,"column":46},"end":{"line":289,"column":70}},"69":{"start":{"line":290,"column":6},"end":{"line":290,"column":32}},"70":{"start":{"line":295,"column":21},"end":{"line":295,"column":68}},"71":{"start":{"line":296,"column":4},"end":{"line":296,"column":36}},"72":{"start":{"line":296,"column":18},"end":{"line":296,"column":36}},"73":{"start":{"line":298,"column":19},"end":{"line":298,"column":23}},"74":{"start":{"line":299,"column":4},"end":{"line":305,"column":5}},"75":{"start":{"line":300,"column":6},"end":{"line":302,"column":7}},"76":{"start":{"line":301,"column":8},"end":{"line":301,"column":50}},"77":{"start":{"line":304,"column":6},"end":{"line":304,"column":22}},"78":{"start":{"line":307,"column":18},"end":{"line":307,"column":47}},"79":{"start":{"line":308,"column":4},"end":{"line":308,"column":35}},"80":{"start":{"line":309,"column":4},"end":{"line":309,"column":38}},"81":{"start":{"line":311,"column":18},"end":{"line":311,"column":141}},"82":{"start":{"line":312,"column":19},"end":{"line":312,"column":63}},"83":{"start":{"line":313,"column":16},"end":{"line":313,"column":59}},"84":{"start":{"line":314,"column":19},"end":{"line":314,"column":57}},"85":{"start":{"line":315,"column":20},"end":{"line":315,"column":54}},"86":{"start":{"line":317,"column":4},"end":{"line":333,"column":6}},"87":{"start":{"line":335,"column":24},"end":{"line":338,"column":5}},"88":{"start":{"line":336,"column":6},"end":{"line":336,"column":53}},"89":{"start":{"line":337,"column":6},"end":{"line":337,"column":21}},"90":{"start":{"line":340,"column":18},"end":{"line":342,"column":5}},"91":{"start":{"line":341,"column":6},"end":{"line":341,"column":48}},"92":{"start":{"line":341,"column":34},"end":{"line":341,"column":48}},"93":{"start":{"line":344,"column":4},"end":{"line":344,"column":48}},"94":{"start":{"line":346,"column":4},"end":{"line":348,"column":7}},"95":{"start":{"line":347,"column":6},"end":{"line":347,"column":48}},"96":{"start":{"line":347,"column":34},"end":{"line":347,"column":48}},"97":{"start":{"line":350,"column":4},"end":{"line":359,"column":7}},"98":{"start":{"line":351,"column":6},"end":{"line":357,"column":8}},"99":{"start":{"line":358,"column":6},"end":{"line":358,"column":20}},"100":{"start":{"line":361,"column":4},"end":{"line":361,"column":37}},"101":{"start":{"line":365,"column":0},"end":{"line":365,"column":63}}},"fnMap":{"0":{"name":"(anonymous_0)","decl":{"start":{"line":7,"column":2},"end":{"line":7,"column":3}},"loc":{"start":{"line":7,"column":16},"end":{"line":202,"column":3}},"line":7},"1":{"name":"(anonymous_1)","decl":{"start":{"line":193,"column":79},"end":{"line":193,"column":80}},"loc":{"start":{"line":193,"column":85},"end":{"line":196,"column":5}},"line":193},"2":{"name":"(anonymous_2)","decl":{"start":{"line":198,"column":81},"end":{"line":198,"column":82}},"loc":{"start":{"line":198,"column":87},"end":{"line":201,"column":5}},"line":198},"3":{"name":"(anonymous_3)","decl":{"start":{"line":204,"column":2},"end":{"line":204,"column":3}},"loc":{"start":{"line":204,"column":22},"end":{"line":206,"column":3}},"line":204},"4":{"name":"(anonymous_4)","decl":{"start":{"line":208,"column":2},"end":{"line":208,"column":3}},"loc":{"start":{"line":208,"column":18},"end":{"line":213,"column":3}},"line":208},"5":{"name":"(anonymous_5)","decl":{"start":{"line":215,"column":2},"end":{"line":215,"column":3}},"loc":{"start":{"line":215,"column":24},"end":{"line":218,"column":3}},"line":215},"6":{"name":"(anonymous_6)","decl":{"start":{"line":220,"column":2},"end":{"line":220,"column":3}},"loc":{"start":{"line":220,"column":20},"end":{"line":224,"column":3}},"line":220},"7":{"name":"(anonymous_7)","decl":{"start":{"line":226,"column":2},"end":{"line":226,"column":3}},"loc":{"start":{"line":226,"column":11},"end":{"line":292,"column":3}},"line":226},"8":{"name":"(anonymous_8)","decl":{"start":{"line":258,"column":23},"end":{"line":258,"column":24}},"loc":{"start":{"line":258,"column":33},"end":{"line":291,"column":5}},"line":258},"9":{"name":"(anonymous_9)","decl":{"start":{"line":266,"column":20},"end":{"line":266,"column":21}},"loc":{"start":{"line":266,"column":26},"end":{"line":269,"column":7}},"line":266},"10":{"name":"(anonymous_10)","decl":{"start":{"line":289,"column":40},"end":{"line":289,"column":41}},"loc":{"start":{"line":289,"column":46},"end":{"line":289,"column":70}},"line":289},"11":{"name":"(anonymous_11)","decl":{"start":{"line":294,"column":2},"end":{"line":294,"column":3}},"loc":{"start":{"line":294,"column":28},"end":{"line":362,"column":3}},"line":294},"12":{"name":"(anonymous_12)","decl":{"start":{"line":335,"column":24},"end":{"line":335,"column":25}},"loc":{"start":{"line":335,"column":30},"end":{"line":338,"column":5}},"line":335},"13":{"name":"(anonymous_13)","decl":{"start":{"line":340,"column":18},"end":{"line":340,"column":19}},"loc":{"start":{"line":340,"column":29},"end":{"line":342,"column":5}},"line":340},"14":{"name":"(anonymous_14)","decl":{"start":{"line":346,"column":36},"end":{"line":346,"column":37}},"loc":{"start":{"line":346,"column":47},"end":{"line":348,"column":5}},"line":346},"15":{"name":"(anonymous_15)","decl":{"start":{"line":350,"column":69},"end":{"line":350,"column":70}},"loc":{"start":{"line":350,"column":75},"end":{"line":359,"column":5}},"line":350}},"branchMap":{"0":{"loc":{"start":{"line":209,"column":17},"end":{"line":209,"column":50}},"type":"cond-expr","locations":[{"start":{"line":209,"column":40},"end":{"line":209,"column":45}},{"start":{"line":209,"column":48},"end":{"line":209,"column":50}}],"line":209},"1":{"loc":{"start":{"line":221,"column":17},"end":{"line":221,"column":30}},"type":"binary-expr","locations":[{"start":{"line":221,"column":17},"end":{"line":221,"column":24}},{"start":{"line":221,"column":28},"end":{"line":221,"column":30}}],"line":221},"2":{"loc":{"start":{"line":236,"column":52},"end":{"line":236,"column":86}},"type":"cond-expr","locations":[{"start":{"line":236,"column":78},"end":{"line":236,"column":80}},{"start":{"line":236,"column":83},"end":{"line":236,"column":86}}],"line":236},"3":{"loc":{"start":{"line":242,"column":4},"end":{"line":245,"column":5}},"type":"if","locations":[{"start":{"line":242,"column":4},"end":{"line":245,"column":5}},{"start":{},"end":{}}],"line":242},"4":{"loc":{"start":{"line":247,"column":4},"end":{"line":251,"column":5}},"type":"if","locations":[{"start":{"line":247,"column":4},"end":{"line":251,"column":5}},{"start":{},"end":{}}],"line":247},"5":{"loc":{"start":{"line":253,"column":4},"end":{"line":256,"column":5}},"type":"if","locations":[{"start":{"line":253,"column":4},"end":{"line":256,"column":5}},{"start":{},"end":{}}],"line":253},"6":{"loc":{"start":{"line":263,"column":16},"end":{"line":263,"column":52}},"type":"binary-expr","locations":[{"start":{"line":263,"column":16},"end":{"line":263,"column":29}},{"start":{"line":263,"column":33},"end":{"line":263,"column":52}}],"line":263},"7":{"loc":{"start":{"line":264,"column":16},"end":{"line":264,"column":43}},"type":"binary-expr","locations":[{"start":{"line":264,"column":16},"end":{"line":264,"column":25}},{"start":{"line":264,"column":29},"end":{"line":264,"column":43}}],"line":264},"8":{"loc":{"start":{"line":273,"column":27},"end":{"line":273,"column":49}},"type":"binary-expr","locations":[{"start":{"line":273,"column":27},"end":{"line":273,"column":36}},{"start":{"line":273,"column":40},"end":{"line":273,"column":49}}],"line":273},"9":{"loc":{"start":{"line":277,"column":23},"end":{"line":277,"column":72}},"type":"cond-expr","locations":[{"start":{"line":277,"column":38},"end":{"line":277,"column":60}},{"start":{"line":277,"column":63},"end":{"line":277,"column":72}}],"line":277},"10":{"loc":{"start":{"line":278,"column":26},"end":{"line":278,"column":79}},"type":"cond-expr","locations":[{"start":{"line":278,"column":40},"end":{"line":278,"column":64}},{"start":{"line":278,"column":67},"end":{"line":278,"column":79}}],"line":278},"11":{"loc":{"start":{"line":279,"column":26},"end":{"line":279,"column":71}},"type":"cond-expr","locations":[{"start":{"line":279,"column":40},"end":{"line":279,"column":60}},{"start":{"line":279,"column":63},"end":{"line":279,"column":71}}],"line":279},"12":{"loc":{"start":{"line":280,"column":25},"end":{"line":280,"column":115}},"type":"cond-expr","locations":[{"start":{"line":280,"column":44},"end":{"line":280,"column":92}},{"start":{"line":280,"column":95},"end":{"line":280,"column":115}}],"line":280},"13":{"loc":{"start":{"line":296,"column":4},"end":{"line":296,"column":36}},"type":"if","locations":[{"start":{"line":296,"column":4},"end":{"line":296,"column":36}},{"start":{},"end":{}}],"line":296},"14":{"loc":{"start":{"line":300,"column":6},"end":{"line":302,"column":7}},"type":"if","locations":[{"start":{"line":300,"column":6},"end":{"line":302,"column":7}},{"start":{},"end":{}}],"line":300},"15":{"loc":{"start":{"line":311,"column":18},"end":{"line":311,"column":141}},"type":"cond-expr","locations":[{"start":{"line":311,"column":29},"end":{"line":311,"column":56}},{"start":{"line":311,"column":59},"end":{"line":311,"column":141}}],"line":311},"16":{"loc":{"start":{"line":311,"column":59},"end":{"line":311,"column":141}},"type":"cond-expr","locations":[{"start":{"line":311,"column":78},"end":{"line":311,"column":119}},{"start":{"line":311,"column":122},"end":{"line":311,"column":141}}],"line":311},"17":{"loc":{"start":{"line":312,"column":19},"end":{"line":312,"column":63}},"type":"binary-expr","locations":[{"start":{"line":312,"column":19},"end":{"line":312,"column":35}},{"start":{"line":312,"column":39},"end":{"line":312,"column":50}},{"start":{"line":312,"column":54},"end":{"line":312,"column":63}}],"line":312},"18":{"loc":{"start":{"line":313,"column":16},"end":{"line":313,"column":59}},"type":"binary-expr","locations":[{"start":{"line":313,"column":16},"end":{"line":313,"column":35}},{"start":{"line":313,"column":39},"end":{"line":313,"column":51}},{"start":{"line":313,"column":55},"end":{"line":313,"column":59}}],"line":313},"19":{"loc":{"start":{"line":314,"column":19},"end":{"line":314,"column":57}},"type":"binary-expr","locations":[{"start":{"line":314,"column":19},"end":{"line":314,"column":35}},{"start":{"line":314,"column":39},"end":{"line":314,"column":50}},{"start":{"line":314,"column":54},"end":{"line":314,"column":57}}],"line":314},"20":{"loc":{"start":{"line":315,"column":20},"end":{"line":315,"column":54}},"type":"binary-expr","locations":[{"start":{"line":315,"column":20},"end":{"line":315,"column":47}},{"start":{"line":315,"column":51},"end":{"line":315,"column":54}}],"line":315},"21":{"loc":{"start":{"line":320,"column":41},"end":{"line":320,"column":77}},"type":"binary-expr","locations":[{"start":{"line":320,"column":41},"end":{"line":320,"column":54}},{"start":{"line":320,"column":58},"end":{"line":320,"column":77}}],"line":320},"22":{"loc":{"start":{"line":323,"column":35},"end":{"line":323,"column":57}},"type":"binary-expr","locations":[{"start":{"line":323,"column":35},"end":{"line":323,"column":44}},{"start":{"line":323,"column":48},"end":{"line":323,"column":57}}],"line":323},"23":{"loc":{"start":{"line":341,"column":6},"end":{"line":341,"column":48}},"type":"if","locations":[{"start":{"line":341,"column":6},"end":{"line":341,"column":48}},{"start":{},"end":{}}],"line":341},"24":{"loc":{"start":{"line":347,"column":6},"end":{"line":347,"column":48}},"type":"if","locations":[{"start":{"line":347,"column":6},"end":{"line":347,"column":48}},{"start":{},"end":{}}],"line":347}},"s":{"0":1,"1":4,"2":4,"3":4,"4":4,"5":4,"6":4,"7":4,"8":4,"9":0,"10":0,"11":4,"12":0,"13":0,"14":4,"15":1,"16":1,"17":1,"18":1,"19":1,"20":1,"21":1,"22":1,"23":1,"24":7,"25":7,"26":7,"27":7,"28":7,"29":7,"30":7,"31":7,"32":7,"33":7,"34":7,"35":7,"36":7,"37":1,"38":1,"39":6,"40":1,"41":1,"42":1,"43":5,"44":4,"45":4,"46":1,"47":1,"48":1,"49":1,"50":1,"51":1,"52":1,"53":1,"54":0,"55":0,"56":1,"57":1,"58":1,"59":1,"60":1,"61":1,"62":1,"63":1,"64":1,"65":1,"66":1,"67":1,"68":0,"69":1,"70":1,"71":1,"72":0,"73":1,"74":1,"75":1,"76":0,"77":0,"78":1,"79":1,"80":1,"81":1,"82":1,"83":1,"84":1,"85":1,"86":1,"87":1,"88":1,"89":1,"90":1,"91":0,"92":0,"93":1,"94":1,"95":1,"96":0,"97":1,"98":1,"99":1,"100":1,"101":1},"f":{"0":4,"1":0,"2":0,"3":4,"4":1,"5":1,"6":1,"7":7,"8":1,"9":0,"10":0,"11":1,"12":1,"13":0,"14":1,"15":1},"b":{"0":[1,0],"1":[1,0],"2":[1,6],"3":[1,6],"4":[1,5],"5":[4,1],"6":[1,0],"7":[1,0],"8":[1,0],"9":[1,0],"10":[1,0],"11":[1,0],"12":[1,0],"13":[0,1],"14":[0,1],"15":[0,1],"16":[1,0],"17":[1,1,0],"18":[1,1,0],"19":[1,1,0],"20":[1,1],"21":[1,0],"22":[1,0],"23":[0,0],"24":[0,1]},"_coverageSchema":"1a1c01bbd47fc00a2c39e90264f33305004495a9","hash":"9e24f81e9d856e78a8d9b37f6f2110bb76e8e152"}
}
