TN:
SF:server/config/env.js
FNF:0
FNH:0
DA:3,3
DA:5,3
DA:7,3
DA:8,6
DA:9,0
DA:13,3
LF:6
LH:5
BRDA:8,0,0,0
BRDA:8,0,1,6
BRDA:8,1,0,6
BRDA:8,1,1,6
BRDA:14,2,0,3
BRDA:14,2,1,0
BRDA:15,3,0,3
BRDA:15,3,1,0
BRDA:18,4,0,3
BRDA:18,4,1,0
BRDA:19,5,0,3
BRDA:19,5,1,0
BRDA:20,6,0,3
BRDA:20,6,1,3
BRF:14
BRH:9
end_of_record
TN:
SF:server/db/pool.js
FN:11,(anonymous_0)
FNF:1
FNH:0
FNDA:0,(anonymous_0)
DA:4,1
DA:6,1
DA:11,1
DA:12,0
LF:4
LH:3
BRDA:8,0,0,0
BRDA:8,0,1,1
BRF:2
BRH:1
end_of_record
TN:
SF:server/middleware/auth.js
FN:4,requireAuth
FNF:1
FNH:1
FNDA:3,requireAuth
DA:5,3
DA:6,3
DA:7,3
DA:8,1
DA:11,2
DA:12,2
DA:13,1
DA:14,1
DA:16,1
LF:9
LH:9
BRDA:5,0,0,3
BRDA:5,0,1,1
BRDA:7,1,0,1
BRDA:7,1,1,2
BRF:4
BRH:4
end_of_record
TN:
SF:server/routes/collection.js
FN:26,parsePagination
FN:32,parseSort
FN:46,toCollectionDto
FN:67,buildFilters
FN:71,(anonymous_4)
FN:101,getAddCollectionDeps
FN:106,(anonymous_6)
FN:107,(anonymous_7)
FN:113,extractErrorDetails
FN:119,isProviderUnavailableError
FN:137,parseCardIdFromBody
FN:144,isCardCacheRecordStale
FN:155,mapAddCollectionError
FN:200,ensureCardCacheForAdd
FN:233,addCardToCollectionForUser
FN:274,handleAddCollectionCard
FN:310,(anonymous_16)
FN:367,(anonymous_17)
FN:371,(anonymous_18)
FNF:19
FNH:10
FNDA:0,parsePagination
FNDA:0,parseSort
FNDA:3,toCollectionDto
FNDA:0,buildFilters
FNDA:0,(anonymous_4)
FNDA:12,getAddCollectionDeps
FNDA:0,(anonymous_6)
FNDA:0,(anonymous_7)
FNDA:3,extractErrorDetails
FNDA:2,isProviderUnavailableError
FNDA:10,parseCardIdFromBody
FNDA:6,isCardCacheRecordStale
FNDA:3,mapAddCollectionError
FNDA:6,ensureCardCacheForAdd
FNDA:6,addCardToCollectionForUser
FNDA:5,handleAddCollectionCard
FNDA:0,(anonymous_16)
FNDA:0,(anonymous_17)
FNDA:0,(anonymous_18)
DA:12,1
DA:14,1
DA:16,1
DA:27,0
DA:28,0
DA:29,0
DA:33,0
DA:41,0
DA:42,0
DA:43,0
DA:47,3
DA:68,0
DA:69,0
DA:71,0
DA:72,0
DA:73,0
DA:76,0
DA:77,0
DA:78,0
DA:79,0
DA:81,0
DA:82,0
DA:85,0
DA:86,0
DA:89,0
DA:90,0
DA:92,0
DA:93,0
DA:94,0
DA:95,0
DA:98,0
DA:102,12
DA:106,0
DA:107,0
DA:114,3
DA:115,2
DA:116,2
DA:120,2
DA:121,2
DA:122,1
DA:125,1
DA:126,1
DA:128,0
DA:129,0
DA:138,10
DA:139,10
DA:140,6
DA:141,6
DA:145,6
DA:147,5
DA:148,5
DA:149,0
DA:152,5
DA:156,3
DA:157,0
DA:165,3
DA:166,1
DA:174,2
DA:175,1
DA:183,1
DA:184,1
DA:192,0
DA:201,6
DA:202,6
DA:204,6
DA:211,6
DA:213,5
DA:214,5
DA:215,2
DA:216,1
DA:217,1
DA:218,1
DA:219,1
DA:221,1
DA:223,4
DA:225,1
DA:234,6
DA:236,6
DA:238,3
DA:264,3
DA:265,3
DA:266,0
DA:267,0
DA:268,0
DA:271,3
DA:275,5
DA:276,5
DA:277,1
DA:283,4
DA:284,4
DA:285,1
DA:287,3
DA:288,3
DA:297,3
DA:302,3
DA:303,1
DA:306,3
DA:310,1
DA:311,0
DA:312,0
DA:313,0
DA:314,0
DA:316,0
DA:327,0
DA:328,0
DA:353,0
DA:362,0
DA:363,0
DA:367,1
DA:368,0
DA:371,1
DA:372,0
DA:374,0
DA:375,0
DA:384,0
DA:385,0
DA:388,0
DA:390,0
DA:391,0
LF:119
LH:63
BRDA:27,0,0,0
BRDA:27,0,1,0
BRDA:28,1,0,0
BRDA:28,1,1,0
BRDA:41,2,0,0
BRDA:41,2,1,0
BRDA:42,3,0,0
BRDA:42,3,1,0
BRDA:42,4,0,0
BRDA:42,4,1,0
BRDA:54,5,0,3
BRDA:54,5,1,0
BRDA:55,6,0,0
BRDA:55,6,1,3
BRDA:58,7,0,3
BRDA:58,7,1,0
BRDA:76,8,0,0
BRDA:76,8,1,0
BRDA:77,9,0,0
BRDA:77,9,1,0
BRDA:78,10,0,0
BRDA:78,10,1,0
BRDA:79,11,0,0
BRDA:79,11,1,0
BRDA:81,12,0,0
BRDA:81,12,1,0
BRDA:81,13,0,0
BRDA:81,13,1,0
BRDA:85,14,0,0
BRDA:85,14,1,0
BRDA:85,15,0,0
BRDA:85,15,1,0
BRDA:89,16,0,0
BRDA:89,16,1,0
BRDA:90,17,0,0
BRDA:90,17,1,0
BRDA:92,18,0,0
BRDA:92,18,1,0
BRDA:94,19,0,0
BRDA:94,19,1,0
BRDA:101,20,0,0
BRDA:114,21,0,1
BRDA:114,21,1,2
BRDA:114,22,0,3
BRDA:114,22,1,1
BRDA:115,23,0,0
BRDA:115,23,1,2
BRDA:115,24,0,2
BRDA:115,24,1,0
BRDA:121,25,0,1
BRDA:121,25,1,1
BRDA:122,26,0,1
BRDA:122,26,1,1
BRDA:122,26,2,1
BRDA:125,27,0,1
BRDA:125,27,1,0
BRDA:126,28,0,1
BRDA:126,28,1,0
BRDA:128,29,0,0
BRDA:128,29,1,0
BRDA:130,30,0,0
BRDA:130,30,1,0
BRDA:130,30,2,0
BRDA:130,30,3,0
BRDA:139,31,0,4
BRDA:139,31,1,6
BRDA:141,32,0,6
BRDA:141,32,1,1
BRDA:144,33,0,0
BRDA:144,34,0,0
BRDA:145,35,0,1
BRDA:145,35,1,5
BRDA:147,36,0,5
BRDA:147,36,1,0
BRDA:148,37,0,0
BRDA:148,37,1,5
BRDA:148,38,0,5
BRDA:148,38,1,5
BRDA:156,39,0,0
BRDA:156,39,1,3
BRDA:165,40,0,1
BRDA:165,40,1,2
BRDA:165,41,0,3
BRDA:165,41,1,2
BRDA:174,42,0,1
BRDA:174,42,1,1
BRDA:183,43,0,1
BRDA:183,43,1,0
BRDA:200,44,0,0
BRDA:204,45,0,6
BRDA:204,45,1,3
BRDA:211,46,0,1
BRDA:211,46,1,5
BRDA:215,47,0,1
BRDA:215,47,1,1
BRDA:223,48,0,3
BRDA:223,48,1,1
BRDA:227,49,0,1
BRDA:227,49,1,1
BRDA:228,50,0,1
BRDA:228,50,1,0
BRDA:233,51,0,0
BRDA:265,52,0,0
BRDA:265,52,1,3
BRDA:274,53,0,1
BRDA:276,54,0,1
BRDA:276,54,1,4
BRDA:291,55,0,3
BRDA:291,55,1,0
BRDA:293,56,0,3
BRDA:293,56,1,1
BRDA:294,57,0,3
BRDA:294,57,1,0
BRDA:302,58,0,1
BRDA:302,58,1,2
BRDA:302,59,0,3
BRDA:302,59,1,1
BRDA:384,60,0,0
BRDA:384,60,1,0
BRF:119
BRH:57
end_of_record
TN:
SF:server/services/cardCache.js
FN:5,extractNumericValues
FN:12,(anonymous_1)
FN:16,(anonymous_2)
FN:21,parseMarketPrice
FN:25,(anonymous_4)
FN:26,(anonymous_5)
FN:35,(anonymous_6)
FN:45,mapCardToCache
FN:64,upsertCardCache
FN:100,getCachedCardById
FNF:10
FNH:9
FNDA:7,extractNumericValues
FNDA:0,(anonymous_1)
FNDA:5,(anonymous_2)
FNDA:3,parseMarketPrice
FNDA:2,(anonymous_4)
FNDA:2,(anonymous_5)
FNDA:3,(anonymous_6)
FNDA:3,mapCardToCache
FNDA:3,upsertCardCache
FNDA:2,getCachedCardById
DA:3,2
DA:6,7
DA:7,7
DA:8,3
DA:9,3
DA:11,4
DA:12,0
DA:13,0
DA:15,4
DA:16,5
DA:18,4
DA:22,3
DA:23,3
DA:24,1
DA:25,2
DA:26,2
DA:27,1
DA:28,1
DA:32,2
DA:33,2
DA:34,2
DA:35,3
DA:37,2
DA:38,1
DA:42,1
DA:47,3
DA:53,3
DA:65,3
DA:66,3
DA:101,2
DA:109,2
LF:31
LH:29
BRDA:5,0,0,0
BRDA:6,1,0,0
BRDA:6,1,1,7
BRDA:6,2,0,7
BRDA:6,2,1,7
BRDA:7,3,0,3
BRDA:7,3,1,4
BRDA:7,4,0,7
BRDA:7,4,1,3
BRDA:11,5,0,0
BRDA:11,5,1,4
BRDA:15,6,0,4
BRDA:15,6,1,0
BRDA:23,7,0,1
BRDA:23,7,1,2
BRDA:27,8,0,1
BRDA:27,8,1,0
BRDA:33,9,0,2
BRDA:33,9,1,0
BRDA:35,10,0,3
BRDA:35,10,1,3
BRDA:37,11,0,1
BRDA:37,11,1,1
BRDA:47,12,0,3
BRDA:47,12,1,2
BRDA:47,12,2,2
BRDA:47,12,3,2
BRDA:47,12,4,1
BRDA:55,13,0,3
BRDA:55,13,1,0
BRDA:56,14,0,3
BRDA:56,14,1,2
BRDA:56,14,2,1
BRDA:57,15,0,3
BRDA:57,15,1,2
BRDA:57,15,2,1
BRDA:58,16,0,3
BRDA:58,16,1,2
BRDA:109,17,0,2
BRDA:109,17,1,1
BRF:40
BRH:33
end_of_record
TN:
SF:server/services/pokemonApi.js
FN:9,getCacheEntry
FN:19,setCacheEntry
FN:26,tcgdexGet
FN:28,(anonymous_3)
FN:53,toRenderableImageUrl
FN:61,withImageUrls
FN:96,normalizeCardNumber
FN:103,searchCards
FN:138,fetchCardById
FN:154,fetchSets
FN:165,fetchCardsBySet
FNF:11
FNH:11
FNDA:9,getCacheEntry
FNDA:5,setCacheEntry
FNDA:6,tcgdexGet
FNDA:7,(anonymous_3)
FNDA:6,toRenderableImageUrl
FNDA:3,withImageUrls
FNDA:5,normalizeCardNumber
FNDA:4,searchCards
FNDA:3,fetchCardById
FNDA:2,fetchSets
FNDA:3,fetchCardsBySet
DA:3,2
DA:4,2
DA:5,2
DA:6,2
DA:7,2
DA:10,9
DA:11,9
DA:12,3
DA:13,0
DA:14,0
DA:16,3
DA:20,5
DA:27,6
DA:28,6
DA:29,7
DA:30,7
DA:34,6
DA:40,6
DA:41,1
DA:42,1
DA:45,1
DA:46,1
DA:47,1
DA:50,5
DA:54,6
DA:55,6
DA:56,6
DA:57,6
DA:58,6
DA:62,3
DA:65,3
DA:72,3
DA:73,3
DA:77,3
DA:79,3
DA:97,5
DA:98,5
DA:99,3
DA:100,3
DA:104,4
DA:105,4
DA:106,1
DA:109,3
DA:110,3
DA:111,3
DA:113,2
DA:119,2
DA:120,2
DA:121,1
DA:124,2
DA:125,2
DA:126,2
DA:134,2
DA:135,2
DA:139,3
DA:140,3
DA:141,1
DA:144,2
DA:145,2
DA:147,2
DA:148,1
DA:149,1
DA:150,1
DA:151,1
DA:155,2
DA:156,2
DA:157,2
DA:159,1
DA:160,1
DA:161,1
DA:162,1
DA:166,3
DA:167,3
DA:168,1
DA:171,2
DA:172,2
DA:174,1
DA:175,1
DA:178,1
DA:180,1
DA:181,1
LF:81
LH:79
BRDA:11,0,0,6
BRDA:11,0,1,3
BRDA:12,1,0,0
BRDA:12,1,1,3
BRDA:26,2,0,4
BRDA:29,3,0,7
BRDA:29,3,1,0
BRDA:29,4,0,7
BRDA:29,4,1,7
BRDA:29,4,2,7
BRDA:40,5,0,1
BRDA:40,5,1,5
BRDA:53,6,0,0
BRDA:54,7,0,0
BRDA:54,7,1,6
BRDA:56,8,0,0
BRDA:56,8,1,6
BRDA:57,9,0,0
BRDA:57,9,1,6
BRDA:62,10,0,0
BRDA:62,10,1,3
BRDA:62,11,0,3
BRDA:62,11,1,3
BRDA:65,12,0,3
BRDA:65,12,1,1
BRDA:65,12,2,1
BRDA:65,12,3,1
BRDA:65,12,4,0
BRDA:65,12,5,0
BRDA:72,13,0,3
BRDA:72,13,1,1
BRDA:74,14,0,3
BRDA:74,14,1,3
BRDA:74,14,2,3
BRDA:77,15,0,3
BRDA:77,15,1,0
BRDA:77,15,2,0
BRDA:81,16,0,3
BRDA:81,16,1,0
BRDA:89,17,0,2
BRDA:89,17,1,1
BRDA:89,18,0,3
BRDA:89,18,1,2
BRDA:90,19,0,3
BRDA:90,19,1,0
BRDA:91,20,0,3
BRDA:91,20,1,0
BRDA:97,21,0,5
BRDA:97,21,1,1
BRDA:98,22,0,2
BRDA:98,22,1,3
BRDA:100,23,0,3
BRDA:100,23,1,0
BRDA:103,24,0,1
BRDA:103,25,0,1
BRDA:104,26,0,4
BRDA:104,26,1,1
BRDA:105,27,0,1
BRDA:105,27,1,3
BRDA:111,28,0,1
BRDA:111,28,1,2
BRDA:120,29,0,1
BRDA:120,29,1,1
BRDA:125,30,0,2
BRDA:125,30,1,0
BRDA:139,31,0,3
BRDA:139,31,1,1
BRDA:140,32,0,1
BRDA:140,32,1,2
BRDA:145,33,0,0
BRDA:145,33,1,2
BRDA:157,34,0,1
BRDA:157,34,1,1
BRDA:160,35,0,1
BRDA:160,35,1,0
BRDA:166,36,0,3
BRDA:166,36,1,1
BRDA:167,37,0,1
BRDA:167,37,1,2
BRDA:172,38,0,1
BRDA:172,38,1,1
BRDA:175,39,0,1
BRDA:175,39,1,0
BRF:83
BRH:64
end_of_record
TN:
SF:source/toggleMode.js
FN:12,syncWithSystemTheme
FN:26,(anonymous_1)
FNF:2
FNH:1
FNDA:0,syncWithSystemTheme
FNDA:2,(anonymous_1)
DA:1,6
DA:2,6
DA:3,6
DA:4,6
DA:6,6
DA:7,6
DA:8,6
DA:10,6
DA:13,0
DA:14,0
DA:17,6
DA:18,0
DA:19,0
DA:20,0
DA:21,0
DA:25,6
DA:26,5
DA:27,2
DA:28,2
LF:19
LH:13
BRDA:7,0,0,6
BRDA:7,0,1,3
BRDA:8,1,0,4
BRDA:8,1,1,2
BRDA:13,2,0,0
BRDA:13,2,1,0
BRDA:17,3,0,0
BRDA:17,3,1,6
BRDA:18,4,0,0
BRDA:18,4,1,0
BRDA:20,5,0,0
BRDA:20,5,1,0
BRDA:25,6,0,5
BRDA:25,6,1,1
BRF:14
BRH:7
end_of_record
TN:
SF:source/api/pokemonAPI.js
FN:7,ensureString
FN:14,normalizeCard
FN:51,normalizeCardList
FN:56,getCardsByName
FN:62,getCardsByPage
FN:76,getCardById
FN:87,getCardsByNameAndNumber
FN:103,getAllSets
FN:108,getCardsBySet
FNF:9
FNH:9
FNDA:5,ensureString
FNDA:2,normalizeCard
FNDA:3,normalizeCardList
FNDA:2,getCardsByName
FNDA:2,getCardsByPage
FNDA:1,getCardById
FNDA:1,getCardsByNameAndNumber
FNDA:1,getAllSets
FNDA:1,getCardsBySet
DA:3,2
DA:8,5
DA:9,1
DA:11,4
DA:15,2
DA:16,0
DA:20,2
DA:26,2
DA:52,3
DA:53,3
DA:57,2
DA:58,1
DA:59,1
DA:63,2
DA:64,1
DA:66,1
DA:67,1
DA:70,0
DA:73,0
DA:77,1
DA:78,1
DA:79,1
DA:80,0
DA:82,1
DA:83,0
DA:88,1
DA:89,1
DA:90,1
DA:91,0
DA:94,1
DA:100,1
DA:104,1
DA:105,1
DA:109,1
DA:110,1
DA:111,1
LF:36
LH:30
BRDA:8,0,0,1
BRDA:8,0,1,4
BRDA:8,1,0,5
BRDA:8,1,1,4
BRDA:8,1,2,4
BRDA:15,2,0,0
BRDA:15,2,1,2
BRDA:15,3,0,2
BRDA:15,3,1,2
BRDA:20,4,0,2
BRDA:20,4,1,0
BRDA:20,4,2,0
BRDA:20,4,3,0
BRDA:20,4,4,0
BRDA:28,5,0,2
BRDA:28,5,1,0
BRDA:29,6,0,2
BRDA:29,6,1,2
BRDA:29,6,2,1
BRDA:30,7,0,2
BRDA:30,7,1,1
BRDA:30,7,2,1
BRDA:31,8,0,2
BRDA:31,8,1,1
BRDA:37,9,0,2
BRDA:37,9,1,1
BRDA:38,10,0,2
BRDA:38,10,1,1
BRDA:38,10,2,1
BRDA:40,11,0,2
BRDA:40,11,1,1
BRDA:40,11,2,1
BRDA:40,11,3,1
BRDA:52,12,0,0
BRDA:52,12,1,3
BRDA:62,13,0,0
BRDA:62,14,0,0
BRDA:63,15,0,1
BRDA:63,15,1,1
BRDA:63,16,0,2
BRDA:63,16,1,2
BRDA:66,17,0,1
BRDA:66,17,1,0
BRDA:66,18,0,1
BRDA:66,18,1,1
BRDA:80,19,0,0
BRDA:80,19,1,0
BRDA:82,20,0,1
BRDA:82,20,1,0
BRDA:89,21,0,1
BRDA:89,21,1,0
BRDA:90,22,0,0
BRDA:90,22,1,1
BRDA:105,23,0,1
BRDA:105,23,1,0
BRF:55
BRH:39
end_of_record
TN:
SF:source/assets/scripts/api-client.js
FN:5,setAuthToken
FN:14,getAuthToken
FN:18,request
FN:46,apiGet
FN:50,apiPost
FN:57,apiPut
FN:64,apiDelete
FNF:7
FNH:4
FNDA:0,setAuthToken
FNDA:0,getAuthToken
FNDA:15,request
FNDA:9,apiGet
FNDA:0,apiPost
FNDA:3,apiPut
FNDA:3,apiDelete
DA:1,5
DA:3,5
DA:6,0
DA:7,0
DA:8,0
DA:10,0
DA:15,0
DA:19,15
DA:24,15
DA:25,0
DA:28,15
DA:33,15
DA:34,15
DA:36,15
DA:37,3
DA:38,3
DA:39,3
DA:40,3
DA:43,12
DA:47,9
DA:51,0
DA:58,3
DA:65,3
LF:23
LH:16
BRDA:1,0,0,5
BRDA:1,0,1,5
BRDA:3,1,0,5
BRDA:3,1,1,5
BRDA:6,2,0,0
BRDA:6,2,1,0
BRDA:7,3,0,0
BRDA:7,3,1,0
BRDA:18,4,0,0
BRDA:21,5,0,15
BRDA:21,5,1,15
BRDA:24,6,0,0
BRDA:24,6,1,15
BRDA:34,7,0,14
BRDA:34,7,1,1
BRDA:36,8,0,3
BRDA:36,8,1,12
BRDA:37,9,0,3
BRDA:37,9,1,0
BRDA:53,10,0,0
BRDA:53,10,1,0
BRDA:60,11,0,3
BRDA:60,11,1,0
BRF:23
BRH:13
end_of_record
TN:
SF:source/assets/scripts/assign-card-modal.js
FN:4,showAssignCardModal
FN:31,(anonymous_1)
FN:48,(anonymous_2)
FN:63,(anonymous_3)
FN:64,(anonymous_4)
FN:73,(anonymous_5)
FNF:6
FNH:5
FNDA:5,showAssignCardModal
FNDA:4,(anonymous_1)
FNDA:2,(anonymous_2)
FNDA:2,(anonymous_3)
FNDA:0,(anonymous_4)
FNDA:2,(anonymous_5)
DA:5,5
DA:6,4
DA:8,3
DA:9,3
DA:11,3
DA:12,3
DA:13,3
DA:14,3
DA:24,3
DA:26,3
DA:27,3
DA:29,3
DA:31,3
DA:32,4
DA:35,3
DA:43,3
DA:44,1
DA:45,1
DA:48,2
DA:49,2
DA:50,2
DA:52,2
DA:53,2
DA:54,2
DA:55,2
DA:56,2
DA:58,2
DA:59,2
DA:60,2
DA:62,2
DA:63,2
DA:64,2
DA:65,2
DA:66,2
DA:67,2
DA:70,2
DA:73,2
DA:74,2
DA:76,2
DA:77,2
DA:79,2
DA:80,2
DA:81,1
DA:82,1
DA:84,1
DA:85,1
DA:86,1
LF:47
LH:47
BRDA:5,0,0,1
BRDA:5,0,1,4
BRDA:5,1,0,5
BRDA:5,1,1,5
BRDA:6,2,0,1
BRDA:6,2,1,3
BRDA:6,3,0,4
BRDA:6,3,1,4
BRDA:6,3,2,4
BRDA:9,4,0,0
BRDA:9,4,1,3
BRDA:32,5,0,0
BRDA:32,5,1,4
BRDA:43,6,0,1
BRDA:43,6,1,2
BRDA:55,7,0,2
BRDA:55,7,1,0
BRDA:60,8,0,2
BRDA:60,8,1,0
BRDA:74,9,0,0
BRDA:74,9,1,2
BRF:21
BRH:16
end_of_record
TN:
SF:source/assets/scripts/binder-store.js
FN:3,fetchBinder
FN:5,(anonymous_1)
FN:15,assignBinderSlot
FN:19,unassignBinderCard
FNF:4
FNH:4
FNDA:1,fetchBinder
FNDA:3,(anonymous_1)
FNDA:3,assignBinderSlot
FNDA:3,unassignBinderCard
DA:4,1
DA:5,1
DA:6,3
DA:7,3
DA:11,1
DA:12,1
DA:16,3
DA:20,3
LF:8
LH:8
BRDA:3,0,0,0
BRDA:6,1,0,3
BRDA:6,1,1,0
BRDA:6,2,0,3
BRDA:6,2,1,3
BRDA:6,2,2,3
BRDA:11,3,0,1
BRDA:11,3,1,0
BRF:8
BRH:5
end_of_record
TN:
SF:source/assets/scripts/collection-store.js
FN:3,fetchCollection
FN:5,(anonymous_1)
FN:15,addCardToCollection
FN:19,removeCardFromCollection
FNF:4
FNH:2
FNDA:3,fetchCollection
FNDA:15,(anonymous_1)
FNDA:0,addCardToCollection
FNDA:0,removeCardFromCollection
DA:4,3
DA:5,3
DA:6,15
DA:7,15
DA:11,3
DA:12,3
DA:16,0
DA:20,0
LF:8
LH:6
BRDA:3,0,0,0
BRDA:6,1,0,15
BRDA:6,1,1,0
BRDA:6,2,0,15
BRDA:6,2,1,15
BRDA:6,2,2,15
BRDA:11,3,0,3
BRDA:11,3,1,0
BRF:8
BRH:5
end_of_record
TN:
SF:source/assets/scripts/legacy-collection-migration.js
FN:1,extractLegacyCardIds
FN:14,(anonymous_1)
FNF:2
FNH:2
FNDA:3,extractLegacyCardIds
FNDA:3,(anonymous_1)
DA:2,3
DA:3,1
DA:6,2
DA:7,2
DA:8,2
DA:9,1
DA:11,1
DA:14,3
LF:8
LH:8
BRDA:2,0,0,1
BRDA:2,0,1,2
BRDA:2,1,0,3
BRDA:2,1,1,3
BRDA:9,2,0,1
BRDA:9,2,1,0
BRDA:14,3,0,3
BRDA:14,3,1,0
BRF:8
BRH:6
end_of_record
TN:
SF:source/assets/scripts/priceHelper.js
FN:12,formatMarketPrice
FN:18,(anonymous_1)
FN:26,(anonymous_2)
FNF:3
FNH:3
FNDA:6,formatMarketPrice
FNDA:6,(anonymous_1)
FNDA:6,(anonymous_2)
DA:13,6
DA:16,6
DA:17,6
DA:18,3
DA:19,6
DA:20,4
DA:26,6
DA:27,6
DA:28,0
DA:29,0
DA:30,0
DA:32,0
DA:33,0
DA:34,0
DA:36,0
DA:37,0
DA:40,6
DA:42,6
DA:43,4
DA:46,2
DA:47,2
DA:49,2
LF:22
LH:14
BRDA:17,0,0,3
BRDA:17,0,1,3
BRDA:19,1,0,4
BRDA:19,1,1,2
BRDA:27,2,0,6
BRDA:27,2,1,0
BRDA:27,3,0,6
BRDA:27,3,1,6
BRDA:28,4,0,0
BRDA:28,4,1,0
BRDA:28,5,0,0
BRDA:28,5,1,0
BRDA:28,5,2,0
BRDA:32,6,0,0
BRDA:32,6,1,0
BRDA:36,7,0,0
BRDA:36,7,1,0
BRDA:42,8,0,4
BRDA:42,8,1,2
BRDA:49,9,0,1
BRDA:49,9,1,1
BRF:21
BRH:11
end_of_record
TN:
SF:source/components/binder/pokemon-binder.js
FN:194,(anonymous_0)
FN:215,(anonymous_1)
FN:239,(anonymous_2)
FN:245,(anonymous_3)
FN:260,(anonymous_4)
FN:278,(anonymous_5)
FN:282,(anonymous_6)
FN:285,(anonymous_7)
FN:295,(anonymous_8)
FN:304,(anonymous_9)
FN:320,(anonymous_10)
FN:329,(anonymous_11)
FN:345,(anonymous_12)
FN:373,(anonymous_13)
FN:382,(anonymous_14)
FNF:15
FNH:12
FNDA:7,(anonymous_0)
FNDA:1,(anonymous_1)
FNDA:2,(anonymous_2)
FNDA:12,(anonymous_3)
FNDA:73,(anonymous_4)
FNDA:0,(anonymous_5)
FNDA:0,(anonymous_6)
FNDA:0,(anonymous_7)
FNDA:1,(anonymous_8)
FNDA:1,(anonymous_9)
FNDA:1,(anonymous_10)
FNDA:1,(anonymous_11)
FNDA:3,(anonymous_12)
FNDA:2,(anonymous_13)
FNDA:2,(anonymous_14)
DA:5,1
DA:7,1
DA:8,1
DA:195,7
DA:196,7
DA:197,7
DA:199,7
DA:200,7
DA:201,7
DA:202,7
DA:203,7
DA:204,7
DA:205,7
DA:206,7
DA:208,7
DA:209,7
DA:210,7
DA:212,7
DA:216,1
DA:217,0
DA:218,0
DA:219,0
DA:222,1
DA:223,1
DA:224,4
DA:225,4
DA:226,4
DA:227,2
DA:230,2
DA:231,2
DA:234,1
DA:235,1
DA:236,1
DA:240,2
DA:241,2
DA:242,2
DA:246,12
DA:247,12
DA:248,12
DA:249,12
DA:251,12
DA:252,12
DA:254,12
DA:255,12
DA:256,12
DA:257,12
DA:261,73
DA:262,73
DA:264,73
DA:265,73
DA:267,73
DA:268,73
DA:269,657
DA:270,657
DA:272,657
DA:273,657
DA:274,3
DA:275,3
DA:276,3
DA:277,3
DA:278,3
DA:279,0
DA:280,0
DA:282,3
DA:283,3
DA:284,654
DA:285,492
DA:287,162
DA:288,162
DA:291,657
DA:296,1
DA:298,1
DA:299,1
DA:300,1
DA:302,1
DA:305,1
DA:306,1
DA:307,1
DA:308,1
DA:309,1
DA:310,1
DA:311,1
DA:312,1
DA:313,1
DA:314,1
DA:321,1
DA:323,1
DA:324,1
DA:325,1
DA:327,1
DA:330,1
DA:331,1
DA:332,1
DA:333,1
DA:334,1
DA:335,1
DA:336,1
DA:337,1
DA:338,1
DA:339,1
DA:346,3
DA:347,3
DA:349,3
DA:350,3
DA:351,3
DA:353,3
DA:355,3
DA:373,3
DA:374,2
DA:377,3
DA:378,3
DA:379,1
DA:380,1
DA:382,2
DA:383,2
DA:384,2
DA:386,2
DA:387,2
DA:388,1
DA:389,1
DA:391,1
DA:392,1
DA:393,1
DA:398,3
DA:402,1
LF:125
LH:120
BRDA:216,0,0,0
BRDA:216,0,1,1
BRDA:226,1,0,2
BRDA:226,1,1,2
BRDA:226,2,0,4
BRDA:226,2,1,4
BRDA:226,2,2,3
BRDA:226,2,3,3
BRDA:226,2,4,3
BRDA:230,3,0,2
BRDA:230,3,1,0
BRDA:235,4,0,0
BRDA:235,4,1,1
BRDA:240,5,0,0
BRDA:240,5,1,2
BRDA:240,6,0,2
BRDA:240,6,1,2
BRDA:241,7,0,1
BRDA:241,7,1,1
BRDA:262,8,0,55
BRDA:262,8,1,18
BRDA:267,9,0,3
BRDA:267,9,1,70
BRDA:273,10,0,3
BRDA:273,10,1,654
BRDA:275,11,0,3
BRDA:275,11,1,0
BRDA:276,12,0,3
BRDA:276,12,1,0
BRDA:284,13,0,492
BRDA:284,13,1,162
BRDA:296,14,0,0
BRDA:296,14,1,1
BRDA:321,15,0,0
BRDA:321,15,1,1
BRDA:321,16,0,1
BRDA:321,16,1,1
BRDA:347,17,0,0
BRDA:347,17,1,3
BRDA:353,18,0,3
BRDA:353,18,1,0
BRDA:358,19,0,3
BRDA:358,19,1,0
BRDA:361,20,0,3
BRDA:361,20,1,0
BRDA:363,21,0,3
BRDA:363,21,1,0
BRDA:364,22,0,3
BRDA:364,22,1,0
BRDA:365,23,0,3
BRDA:365,23,1,0
BRDA:374,24,0,0
BRDA:374,24,1,2
BRDA:378,25,0,1
BRDA:378,25,1,2
BRF:55
BRH:39
end_of_record
TN:
SF:source/components/collection/collection-view.js
FN:7,(anonymous_0)
FN:193,(anonymous_1)
FN:198,(anonymous_2)
FN:204,(anonymous_3)
FN:208,(anonymous_4)
FN:215,(anonymous_5)
FN:220,(anonymous_6)
FN:226,(anonymous_7)
FN:258,(anonymous_8)
FN:266,(anonymous_9)
FN:289,(anonymous_10)
FN:294,(anonymous_11)
FN:335,(anonymous_12)
FN:340,(anonymous_13)
FN:346,(anonymous_14)
FN:350,(anonymous_15)
FNF:16
FNH:11
FNDA:4,(anonymous_0)
FNDA:0,(anonymous_1)
FNDA:0,(anonymous_2)
FNDA:4,(anonymous_3)
FNDA:1,(anonymous_4)
FNDA:1,(anonymous_5)
FNDA:1,(anonymous_6)
FNDA:7,(anonymous_7)
FNDA:1,(anonymous_8)
FNDA:0,(anonymous_9)
FNDA:0,(anonymous_10)
FNDA:1,(anonymous_11)
FNDA:1,(anonymous_12)
FNDA:0,(anonymous_13)
FNDA:1,(anonymous_14)
FNDA:1,(anonymous_15)
DA:4,1
DA:8,4
DA:9,4
DA:10,4
DA:11,4
DA:12,4
DA:13,4
DA:15,4
DA:193,4
DA:194,0
DA:195,0
DA:198,4
DA:199,0
DA:200,0
DA:205,4
DA:209,1
DA:210,1
DA:211,1
DA:212,1
DA:216,1
DA:217,1
DA:221,1
DA:222,1
DA:223,1
DA:227,7
DA:228,7
DA:229,7
DA:230,7
DA:231,7
DA:233,7
DA:234,7
DA:235,7
DA:236,7
DA:238,7
DA:239,7
DA:240,7
DA:242,7
DA:243,1
DA:244,1
DA:247,6
DA:248,1
DA:249,1
DA:250,1
DA:253,5
DA:254,4
DA:255,4
DA:258,1
DA:259,1
DA:260,1
DA:262,1
DA:263,1
DA:264,1
DA:265,1
DA:266,1
DA:267,0
DA:268,0
DA:271,1
DA:272,1
DA:273,1
DA:275,1
DA:276,1
DA:277,1
DA:278,1
DA:279,1
DA:280,1
DA:281,1
DA:288,1
DA:289,1
DA:290,1
DA:295,1
DA:296,1
DA:298,1
DA:299,1
DA:300,1
DA:301,0
DA:304,0
DA:307,1
DA:308,1
DA:309,1
DA:311,1
DA:312,1
DA:313,1
DA:314,1
DA:315,1
DA:317,1
DA:335,1
DA:336,1
DA:337,1
DA:340,1
DA:341,0
DA:344,1
DA:346,1
DA:347,1
DA:350,1
DA:351,1
DA:358,1
DA:361,1
DA:365,1
LF:98
LH:89
BRDA:209,0,0,1
BRDA:209,0,1,0
BRDA:221,1,0,1
BRDA:221,1,1,0
BRDA:236,2,0,1
BRDA:236,2,1,6
BRDA:242,3,0,1
BRDA:242,3,1,6
BRDA:247,4,0,1
BRDA:247,4,1,5
BRDA:253,5,0,4
BRDA:253,5,1,1
BRDA:263,6,0,1
BRDA:263,6,1,0
BRDA:264,7,0,1
BRDA:264,7,1,0
BRDA:273,8,0,1
BRDA:273,8,1,0
BRDA:277,9,0,1
BRDA:277,9,1,0
BRDA:278,10,0,1
BRDA:278,10,1,0
BRDA:279,11,0,1
BRDA:279,11,1,0
BRDA:280,12,0,1
BRDA:280,12,1,0
BRDA:296,13,0,0
BRDA:296,13,1,1
BRDA:300,14,0,0
BRDA:300,14,1,1
BRDA:311,15,0,0
BRDA:311,15,1,1
BRDA:311,16,0,1
BRDA:311,16,1,0
BRDA:312,17,0,1
BRDA:312,17,1,1
BRDA:312,17,2,0
BRDA:313,18,0,1
BRDA:313,18,1,1
BRDA:313,18,2,0
BRDA:314,19,0,1
BRDA:314,19,1,1
BRDA:314,19,2,0
BRDA:315,20,0,1
BRDA:315,20,1,1
BRDA:320,21,0,1
BRDA:320,21,1,0
BRDA:323,22,0,1
BRDA:323,22,1,0
BRDA:341,23,0,0
BRDA:341,23,1,0
BRDA:347,24,0,0
BRDA:347,24,1,1
BRF:53
BRH:32
end_of_record
